Using pre-set license
Built from '2020.3/staging' branch; Version is '2020.3.18f1 (a7d1c678663c) revision 10998214'; Using compiler version '192528614'; Build Type 'Release'
OS: 'Windows 10 Home; OS build 19043.1288; Version 2009; 64bit' Language: 'en' Physical Memory: 16340 MB
BatchMode: 1, IsHumanControllingUs: 0, StartBugReporterOnCrash: 0, Is64bit: 1, IsPro: 0

COMMAND LINE ARGUMENTS:
D:\Unity\2020.3.18f1\Editor\Unity.exe
-adb2
-batchMode
-noUpm
-name
AssetImportWorker0
-projectPath
D:/Desktop/GameJam1
-logFile
Logs/AssetImportWorker0.log
-srvPort
1131
Successfully changed project path to: D:/Desktop/GameJam1
D:/Desktop/GameJam1
Using Asset Import Pipeline V2.
Refreshing native plugins compatible for Editor in 54.55 ms, found 3 plugins.
Preloading 0 native plugins for Editor in 0.00 ms.
Initialize engine version: 2020.3.18f1 (a7d1c678663c)
[Subsystems] Discovering subsystems at path D:/Unity/2020.3.18f1/Editor/Data/Resources/UnitySubsystems
[Subsystems] Discovering subsystems at path D:/Desktop/GameJam1/Assets
GfxDevice: creating device client; threaded=0
Direct3D:
    Version:  Direct3D 11.0 [level 11.1]
    Renderer: NVIDIA GeForce GTX 1060 (ID=0x1c60)
    Vendor:   
    VRAM:     2987 MB
    Driver:   27.21.14.6140
Initialize mono
Mono path[0] = 'D:/Unity/2020.3.18f1/Editor/Data/Managed'
Mono path[1] = 'D:/Unity/2020.3.18f1/Editor/Data/MonoBleedingEdge/lib/mono/unityjit'
Mono config path = 'D:/Unity/2020.3.18f1/Editor/Data/MonoBleedingEdge/etc'
Using monoOptions --debugger-agent=transport=dt_socket,embedding=1,server=y,suspend=n,address=127.0.0.1:56688
Begin MonoManager ReloadAssembly
Registering precompiled unity dll's ...
Register platform support module: D:/Unity/2020.3.18f1/Editor/Data/PlaybackEngines/WebGLSupport/UnityEditor.WebGL.Extensions.dll
Register platform support module: D:/Unity/2020.3.18f1/Editor/Data/PlaybackEngines/WindowsStandaloneSupport/UnityEditor.WindowsStandalone.Extensions.dll
Registered in 0.001400 seconds.
Native extension for WindowsStandalone target not found
Native extension for WebGL target not found
Refreshing native plugins compatible for Editor in 50.90 ms, found 3 plugins.
Preloading 0 native plugins for Editor in 0.00 ms.
Mono: successfully reloaded assembly
- Completed reload, in  1.110 seconds
Domain Reload Profiling:
	ReloadAssembly (1110ms)
		BeginReloadAssembly (64ms)
			ExecutionOrderSort (0ms)
			DisableScriptedObjects (0ms)
			BackupInstance (0ms)
			ReleaseScriptingObjects (0ms)
			CreateAndSetChildDomain (2ms)
		EndReloadAssembly (475ms)
			LoadAssemblies (62ms)
			RebuildTransferFunctionScriptingTraits (0ms)
			SetupTypeCache (170ms)
			ReleaseScriptCaches (0ms)
			RebuildScriptCaches (34ms)
			SetupLoadedEditorAssemblies (197ms)
				LogAssemblyErrors (0ms)
				InitializePlatformSupportModulesInManaged (6ms)
				SetLoadedEditorAssemblies (0ms)
				RefreshPlugins (51ms)
				BeforeProcessingInitializeOnLoad (13ms)
				ProcessInitializeOnLoadAttributes (92ms)
				ProcessInitializeOnLoadMethodAttributes (34ms)
				AfterProcessingInitializeOnLoad (0ms)
				EditorAssembliesLoaded (0ms)
			ExecutionOrderSort2 (0ms)
			AwakeInstancesAfterBackupRestoration (0ms)
Platform modules already initialized, skipping
Registering precompiled user dll's ...
Registered in 0.002902 seconds.
Begin MonoManager ReloadAssembly
Native extension for WindowsStandalone target not found
Native extension for WebGL target not found
Refreshing native plugins compatible for Editor in 46.84 ms, found 3 plugins.
Preloading 0 native plugins for Editor in 0.00 ms.
Mono: successfully reloaded assembly
- Completed reload, in  1.232 seconds
Domain Reload Profiling:
	ReloadAssembly (1233ms)
		BeginReloadAssembly (154ms)
			ExecutionOrderSort (0ms)
			DisableScriptedObjects (5ms)
			BackupInstance (0ms)
			ReleaseScriptingObjects (0ms)
			CreateAndSetChildDomain (20ms)
		EndReloadAssembly (1016ms)
			LoadAssemblies (106ms)
			RebuildTransferFunctionScriptingTraits (0ms)
			SetupTypeCache (327ms)
			ReleaseScriptCaches (1ms)
			RebuildScriptCaches (60ms)
			SetupLoadedEditorAssemblies (372ms)
				LogAssemblyErrors (0ms)
				InitializePlatformSupportModulesInManaged (4ms)
				SetLoadedEditorAssemblies (0ms)
				RefreshPlugins (47ms)
				BeforeProcessingInitializeOnLoad (65ms)
				ProcessInitializeOnLoadAttributes (238ms)
				ProcessInitializeOnLoadMethodAttributes (15ms)
				AfterProcessingInitializeOnLoad (3ms)
				EditorAssembliesLoaded (0ms)
			ExecutionOrderSort2 (0ms)
			AwakeInstancesAfterBackupRestoration (7ms)
Platform modules already initialized, skipping
========================================================================
Worker process is ready to serve import requests
Launched and connected shader compiler UnityShaderCompiler.exe after 0.08 seconds
Refreshing native plugins compatible for Editor in 0.64 ms, found 3 plugins.
Preloading 0 native plugins for Editor in 0.00 ms.
Unloading 2296 Unused Serialized files (Serialized files now loaded: 0)
System memory in use before: 101.7 MB.
System memory in use after: 101.9 MB.

Unloading 26 unused Assets to reduce memory usage. Loaded Objects now: 2734.
Total: 4.101700 ms (FindLiveObjects: 0.256500 ms CreateObjectMapping: 0.097900 ms MarkObjects: 3.638300 ms  DeleteObjects: 0.107900 ms)

AssetImportParameters requested are different than current active one (requested -> active):
  custom:framework-win-MediaFoundation: 216162199b28c13a410421893ffa2e32 -> 
  custom:video-decoder-ogg-theora: a1e56fd34408186e4bbccfd4996cb3dc -> 
  custom:container-muxer-webm: aa71ff27fc2769a1b78a27578f13a17b -> 
  custom:container-demuxer-webm: 4f35f7cbe854078d1ac9338744f61a02 -> 
  custom:container-demuxer-ogg: 62fdf1f143b41e24485cea50d1cbac27 -> 
  custom:video-encoder-webm-vp8: eb34c28f22e8b96e1ab97ce403110664 -> 
  custom:video-decoder-webm-vp8: 9c59270c3fd7afecdb556c50c9e8de78 -> 
  custom:audio-decoder-ogg-vorbis: bf7c407c2cedff20999df2af8eb42d56 -> 
  custom:audio-encoder-webm-vorbis: bf7c407c2cedff20999df2af8eb42d56 -> 
========================================================================
Received Import Request.
  path: Assets/Scenes/Flatlands.unity
  artifactKey: Guid(3ae6118829e472548abd67c885033b5a) Importer(815301076,1909f56bfc062723c751e8b465ee728b)
Start importing Assets/Scenes/Flatlands.unity using Guid(3ae6118829e472548abd67c885033b5a) Importer(815301076,1909f56bfc062723c751e8b465ee728b)  -> (artifact id: 'cb3a0ff7c7ed31f70092132cb211a43f') in 0.042155 seconds 
  Import took 0.047045 seconds .

========================================================================
Received Import Request.
  Time since last request: 0.000374 seconds.
  path: Assets/Scenes
  artifactKey: Guid(e1f939e63c8458c4a8fabce445a61f42) Importer(815301076,1909f56bfc062723c751e8b465ee728b)
Start importing Assets/Scenes using Guid(e1f939e63c8458c4a8fabce445a61f42) Importer(815301076,1909f56bfc062723c751e8b465ee728b)  -> (artifact id: '55d39520dfd681d11ba483fff3dfaa54') in 0.010143 seconds 
  Import took 0.014620 seconds .

========================================================================
Received Import Request.
  Time since last request: 13.058900 seconds.
  path: Assets/Scenes/Begining Town.unity
  artifactKey: Guid(2cda990e2423bbf4892e6590ba056729) Importer(815301076,1909f56bfc062723c751e8b465ee728b)
Start importing Assets/Scenes/Begining Town.unity using Guid(2cda990e2423bbf4892e6590ba056729) Importer(815301076,1909f56bfc062723c751e8b465ee728b)  -> (artifact id: '354408a4ce637a9009b194f364678eaa') in 0.008461 seconds 
  Import took 0.013058 seconds .

========================================================================
Received Import Request.
  Time since last request: 25.535325 seconds.
  path: ProjectSettings/TagManager.asset
  artifactKey: Guid(00000000000000003000000000000000) Importer(815301076,1909f56bfc062723c751e8b465ee728b)
Start importing ProjectSettings/TagManager.asset using Guid(00000000000000003000000000000000) Importer(815301076,1909f56bfc062723c751e8b465ee728b)  -> (artifact id: '473985530b690a81714d2ccada0b0ca8') in 0.053613 seconds 
  Import took 0.058654 seconds .

========================================================================
Received Import Request.
  Time since last request: 38.396234 seconds.
  path: Assets/Scripts
  artifactKey: Guid(f76f33d508d816c4dbe90b31eb29f6a0) Importer(815301076,1909f56bfc062723c751e8b465ee728b)
Start importing Assets/Scripts using Guid(f76f33d508d816c4dbe90b31eb29f6a0) Importer(815301076,1909f56bfc062723c751e8b465ee728b)  -> (artifact id: '8a26938cbf81d7e9e9fd3cab555b36f1') in 0.016572 seconds 
  Import took 0.022144 seconds .

========================================================================
Received Import Request.
  Time since last request: 1.783735 seconds.
  path: Assets/Scripts/SceneSwitch.cs
  artifactKey: Guid(cf00357c1c8422546b944cc0928a71b1) Importer(815301076,1909f56bfc062723c751e8b465ee728b)
Start importing Assets/Scripts/SceneSwitch.cs using Guid(cf00357c1c8422546b944cc0928a71b1) Importer(815301076,1909f56bfc062723c751e8b465ee728b)  -> (artifact id: 'e83ce2f62fb4a3cfb09daccdd233e473') in 0.028426 seconds 
  Import took 0.032530 seconds .

========================================================================
Received Import Request.
  Time since last request: 3.028601 seconds.
  path: Assets/Scripts/StartingPoint.cs
  artifactKey: Guid(b9a8a6c9c549ff34a94112814afa712e) Importer(815301076,1909f56bfc062723c751e8b465ee728b)
Start importing Assets/Scripts/StartingPoint.cs using Guid(b9a8a6c9c549ff34a94112814afa712e) Importer(815301076,1909f56bfc062723c751e8b465ee728b)  -> (artifact id: 'dcf2db753cdb206bccdfd01a5111fc54') in 0.026916 seconds 
  Import took 0.033780 seconds .

========================================================================
Received Import Request.
  Time since last request: 0.003195 seconds.
  path: Assets/Scripts/StartingPoint.cs
  artifactKey: Guid(b9a8a6c9c549ff34a94112814afa712e) Importer(815301076,1909f56bfc062723c751e8b465ee728b)
Start importing Assets/Scripts/StartingPoint.cs using Guid(b9a8a6c9c549ff34a94112814afa712e) Importer(815301076,1909f56bfc062723c751e8b465ee728b)  -> (artifact id: 'dcf2db753cdb206bccdfd01a5111fc54') in 0.005963 seconds 
  Import took 0.013846 seconds .

========================================================================
Received Import Request.
  Time since last request: 1815.651711 seconds.
  path: Assets/Scripts/Party.cs
  artifactKey: Guid(b5e175ff3ea2258478fb9b235b1985fa) Importer(815301076,1909f56bfc062723c751e8b465ee728b)
Start importing Assets/Scripts/Party.cs using Guid(b5e175ff3ea2258478fb9b235b1985fa) Importer(815301076,1909f56bfc062723c751e8b465ee728b)  -> (artifact id: '5801cd4965747d70b2ed9fbd49bf8e1c') in 0.015411 seconds 
  Import took 0.023283 seconds .

========================================================================
Received Prepare
Registering precompiled user dll's ...
Registered in 0.002648 seconds.
Begin MonoManager ReloadAssembly
Native extension for WindowsStandalone target not found
Native extension for WebGL target not found
Refreshing native plugins compatible for Editor in 0.57 ms, found 3 plugins.
Preloading 0 native plugins for Editor in 0.00 ms.
Mono: successfully reloaded assembly
- Completed reload, in  1.121 seconds
Domain Reload Profiling:
	ReloadAssembly (1121ms)
		BeginReloadAssembly (134ms)
			ExecutionOrderSort (0ms)
			DisableScriptedObjects (7ms)
			BackupInstance (0ms)
			ReleaseScriptingObjects (0ms)
			CreateAndSetChildDomain (49ms)
		EndReloadAssembly (922ms)
			LoadAssemblies (107ms)
			RebuildTransferFunctionScriptingTraits (0ms)
			SetupTypeCache (345ms)
			ReleaseScriptCaches (1ms)
			RebuildScriptCaches (48ms)
			SetupLoadedEditorAssemblies (317ms)
				LogAssemblyErrors (0ms)
				InitializePlatformSupportModulesInManaged (6ms)
				SetLoadedEditorAssemblies (0ms)
				RefreshPlugins (1ms)
				BeforeProcessingInitializeOnLoad (62ms)
				ProcessInitializeOnLoadAttributes (240ms)
				ProcessInitializeOnLoadMethodAttributes (6ms)
				AfterProcessingInitializeOnLoad (2ms)
				EditorAssembliesLoaded (0ms)
			ExecutionOrderSort2 (0ms)
			AwakeInstancesAfterBackupRestoration (10ms)
Platform modules already initialized, skipping
Refreshing native plugins compatible for Editor in 0.49 ms, found 3 plugins.
Preloading 0 native plugins for Editor in 0.00 ms.
Unloading 2270 Unused Serialized files (Serialized files now loaded: 0)
System memory in use before: 99.8 MB.
System memory in use after: 100.0 MB.

Unloading 16 unused Assets to reduce memory usage. Loaded Objects now: 2736.
Total: 3.806700 ms (FindLiveObjects: 0.255100 ms CreateObjectMapping: 0.098900 ms MarkObjects: 3.429600 ms  DeleteObjects: 0.021900 ms)

AssetImportParameters requested are different than current active one (requested -> active):
  custom:framework-win-MediaFoundation: 216162199b28c13a410421893ffa2e32 -> 
  custom:video-decoder-ogg-theora: a1e56fd34408186e4bbccfd4996cb3dc -> 
  custom:container-muxer-webm: aa71ff27fc2769a1b78a27578f13a17b -> 
  custom:container-demuxer-webm: 4f35f7cbe854078d1ac9338744f61a02 -> 
  custom:container-demuxer-ogg: 62fdf1f143b41e24485cea50d1cbac27 -> 
  custom:video-encoder-webm-vp8: eb34c28f22e8b96e1ab97ce403110664 -> 
  custom:video-decoder-webm-vp8: 9c59270c3fd7afecdb556c50c9e8de78 -> 
  custom:audio-decoder-ogg-vorbis: bf7c407c2cedff20999df2af8eb42d56 -> 
  custom:audio-encoder-webm-vorbis: bf7c407c2cedff20999df2af8eb42d56 -> 
========================================================================
Received Prepare
Registering precompiled user dll's ...
Registered in 0.003050 seconds.
Begin MonoManager ReloadAssembly
Native extension for WindowsStandalone target not found
Native extension for WebGL target not found
Refreshing native plugins compatible for Editor in 0.62 ms, found 3 plugins.
Preloading 0 native plugins for Editor in 0.00 ms.
Mono: successfully reloaded assembly
- Completed reload, in  1.234 seconds
Domain Reload Profiling:
	ReloadAssembly (1235ms)
		BeginReloadAssembly (132ms)
			ExecutionOrderSort (0ms)
			DisableScriptedObjects (10ms)
			BackupInstance (0ms)
			ReleaseScriptingObjects (0ms)
			CreateAndSetChildDomain (43ms)
		EndReloadAssembly (1038ms)
			LoadAssemblies (95ms)
			RebuildTransferFunctionScriptingTraits (0ms)
			SetupTypeCache (363ms)
			ReleaseScriptCaches (1ms)
			RebuildScriptCaches (55ms)
			SetupLoadedEditorAssemblies (370ms)
				LogAssemblyErrors (0ms)
				InitializePlatformSupportModulesInManaged (6ms)
				SetLoadedEditorAssemblies (1ms)
				RefreshPlugins (1ms)
				BeforeProcessingInitializeOnLoad (65ms)
				ProcessInitializeOnLoadAttributes (288ms)
				ProcessInitializeOnLoadMethodAttributes (7ms)
				AfterProcessingInitializeOnLoad (3ms)
				EditorAssembliesLoaded (0ms)
			ExecutionOrderSort2 (0ms)
			AwakeInstancesAfterBackupRestoration (10ms)
Platform modules already initialized, skipping
Refreshing native plugins compatible for Editor in 0.59 ms, found 3 plugins.
Preloading 0 native plugins for Editor in 0.00 ms.
Unloading 2270 Unused Serialized files (Serialized files now loaded: 0)
System memory in use before: 99.8 MB.
System memory in use after: 100.0 MB.

Unloading 15 unused Assets to reduce memory usage. Loaded Objects now: 2738.
Total: 4.062500 ms (FindLiveObjects: 0.292600 ms CreateObjectMapping: 0.101400 ms MarkObjects: 3.647400 ms  DeleteObjects: 0.020100 ms)

AssetImportParameters requested are different than current active one (requested -> active):
  custom:framework-win-MediaFoundation: 216162199b28c13a410421893ffa2e32 -> 
  custom:video-decoder-ogg-theora: a1e56fd34408186e4bbccfd4996cb3dc -> 
  custom:container-muxer-webm: aa71ff27fc2769a1b78a27578f13a17b -> 
  custom:container-demuxer-webm: 4f35f7cbe854078d1ac9338744f61a02 -> 
  custom:container-demuxer-ogg: 62fdf1f143b41e24485cea50d1cbac27 -> 
  custom:video-encoder-webm-vp8: eb34c28f22e8b96e1ab97ce403110664 -> 
  custom:video-decoder-webm-vp8: 9c59270c3fd7afecdb556c50c9e8de78 -> 
  custom:audio-decoder-ogg-vorbis: bf7c407c2cedff20999df2af8eb42d56 -> 
  custom:audio-encoder-webm-vorbis: bf7c407c2cedff20999df2af8eb42d56 -> 
========================================================================
Received Prepare
Registering precompiled user dll's ...
Registered in 0.002565 seconds.
Begin MonoManager ReloadAssembly
Native extension for WindowsStandalone target not found
Native extension for WebGL target not found
Refreshing native plugins compatible for Editor in 0.50 ms, found 3 plugins.
Preloading 0 native plugins for Editor in 0.00 ms.
Mono: successfully reloaded assembly
- Completed reload, in  1.167 seconds
Domain Reload Profiling:
	ReloadAssembly (1167ms)
		BeginReloadAssembly (127ms)
			ExecutionOrderSort (0ms)
			DisableScriptedObjects (9ms)
			BackupInstance (0ms)
			ReleaseScriptingObjects (0ms)
			CreateAndSetChildDomain (38ms)
		EndReloadAssembly (971ms)
			LoadAssemblies (103ms)
			RebuildTransferFunctionScriptingTraits (0ms)
			SetupTypeCache (374ms)
			ReleaseScriptCaches (1ms)
			RebuildScriptCaches (51ms)
			SetupLoadedEditorAssemblies (330ms)
				LogAssemblyErrors (0ms)
				InitializePlatformSupportModulesInManaged (6ms)
				SetLoadedEditorAssemblies (0ms)
				RefreshPlugins (1ms)
				BeforeProcessingInitializeOnLoad (58ms)
				ProcessInitializeOnLoadAttributes (253ms)
				ProcessInitializeOnLoadMethodAttributes (6ms)
				AfterProcessingInitializeOnLoad (5ms)
				EditorAssembliesLoaded (0ms)
			ExecutionOrderSort2 (0ms)
			AwakeInstancesAfterBackupRestoration (10ms)
Platform modules already initialized, skipping
Refreshing native plugins compatible for Editor in 0.51 ms, found 3 plugins.
Preloading 0 native plugins for Editor in 0.00 ms.
Unloading 2270 Unused Serialized files (Serialized files now loaded: 0)
System memory in use before: 99.8 MB.
System memory in use after: 100.0 MB.

Unloading 15 unused Assets to reduce memory usage. Loaded Objects now: 2740.
Total: 3.193100 ms (FindLiveObjects: 0.212900 ms CreateObjectMapping: 0.105000 ms MarkObjects: 2.856800 ms  DeleteObjects: 0.017600 ms)

AssetImportParameters requested are different than current active one (requested -> active):
  custom:framework-win-MediaFoundation: 216162199b28c13a410421893ffa2e32 -> 
  custom:video-decoder-ogg-theora: a1e56fd34408186e4bbccfd4996cb3dc -> 
  custom:container-muxer-webm: aa71ff27fc2769a1b78a27578f13a17b -> 
  custom:container-demuxer-webm: 4f35f7cbe854078d1ac9338744f61a02 -> 
  custom:container-demuxer-ogg: 62fdf1f143b41e24485cea50d1cbac27 -> 
  custom:video-encoder-webm-vp8: eb34c28f22e8b96e1ab97ce403110664 -> 
  custom:video-decoder-webm-vp8: 9c59270c3fd7afecdb556c50c9e8de78 -> 
  custom:audio-decoder-ogg-vorbis: bf7c407c2cedff20999df2af8eb42d56 -> 
  custom:audio-encoder-webm-vorbis: bf7c407c2cedff20999df2af8eb42d56 -> 
========================================================================
Received Prepare
Registering precompiled user dll's ...
Registered in 0.002456 seconds.
Begin MonoManager ReloadAssembly
Native extension for WindowsStandalone target not found
Native extension for WebGL target not found
Refreshing native plugins compatible for Editor in 0.47 ms, found 3 plugins.
Preloading 0 native plugins for Editor in 0.00 ms.
Mono: successfully reloaded assembly
- Completed reload, in  1.096 seconds
Domain Reload Profiling:
	ReloadAssembly (1097ms)
		BeginReloadAssembly (118ms)
			ExecutionOrderSort (0ms)
			DisableScriptedObjects (6ms)
			BackupInstance (0ms)
			ReleaseScriptingObjects (0ms)
			CreateAndSetChildDomain (36ms)
		EndReloadAssembly (908ms)
			LoadAssemblies (99ms)
			RebuildTransferFunctionScriptingTraits (0ms)
			SetupTypeCache (338ms)
			ReleaseScriptCaches (2ms)
			RebuildScriptCaches (50ms)
			SetupLoadedEditorAssemblies (314ms)
				LogAssemblyErrors (0ms)
				InitializePlatformSupportModulesInManaged (6ms)
				SetLoadedEditorAssemblies (0ms)
				RefreshPlugins (1ms)
				BeforeProcessingInitializeOnLoad (60ms)
				ProcessInitializeOnLoadAttributes (239ms)
				ProcessInitializeOnLoadMethodAttributes (6ms)
				AfterProcessingInitializeOnLoad (3ms)
				EditorAssembliesLoaded (0ms)
			ExecutionOrderSort2 (0ms)
			AwakeInstancesAfterBackupRestoration (9ms)
Platform modules already initialized, skipping
Refreshing native plugins compatible for Editor in 0.86 ms, found 3 plugins.
Preloading 0 native plugins for Editor in 0.00 ms.
Unloading 2270 Unused Serialized files (Serialized files now loaded: 0)
System memory in use before: 99.8 MB.
System memory in use after: 100.0 MB.

Unloading 15 unused Assets to reduce memory usage. Loaded Objects now: 2742.
Total: 3.932200 ms (FindLiveObjects: 0.294300 ms CreateObjectMapping: 0.103000 ms MarkObjects: 3.514000 ms  DeleteObjects: 0.019900 ms)

AssetImportParameters requested are different than current active one (requested -> active):
  custom:framework-win-MediaFoundation: 216162199b28c13a410421893ffa2e32 -> 
  custom:video-decoder-ogg-theora: a1e56fd34408186e4bbccfd4996cb3dc -> 
  custom:container-muxer-webm: aa71ff27fc2769a1b78a27578f13a17b -> 
  custom:container-demuxer-webm: 4f35f7cbe854078d1ac9338744f61a02 -> 
  custom:container-demuxer-ogg: 62fdf1f143b41e24485cea50d1cbac27 -> 
  custom:video-encoder-webm-vp8: eb34c28f22e8b96e1ab97ce403110664 -> 
  custom:video-decoder-webm-vp8: 9c59270c3fd7afecdb556c50c9e8de78 -> 
  custom:audio-decoder-ogg-vorbis: bf7c407c2cedff20999df2af8eb42d56 -> 
  custom:audio-encoder-webm-vorbis: bf7c407c2cedff20999df2af8eb42d56 -> 
========================================================================
Received Import Request.
  Time since last request: 858.805897 seconds.
  path: Assets/Prefab
  artifactKey: Guid(81d2123cf0036b14885fcc7a5b58afae) Importer(815301076,1909f56bfc062723c751e8b465ee728b)
Start importing Assets/Prefab using Guid(81d2123cf0036b14885fcc7a5b58afae) Importer(815301076,1909f56bfc062723c751e8b465ee728b)  -> (artifact id: '32b4ba40772fc125b42d264a09a07cac') in 0.011647 seconds 
  Import took 0.016412 seconds .

========================================================================
Received Import Request.
  Time since last request: 0.000811 seconds.
  path: Assets/Prefab
  artifactKey: Guid(81d2123cf0036b14885fcc7a5b58afae) Importer(815301076,1909f56bfc062723c751e8b465ee728b)
Start importing Assets/Prefab using Guid(81d2123cf0036b14885fcc7a5b58afae) Importer(815301076,1909f56bfc062723c751e8b465ee728b)  -> (artifact id: '32b4ba40772fc125b42d264a09a07cac') in 0.003670 seconds 
  Import took 0.007670 seconds .

========================================================================
Received Import Request.
  Time since last request: 0.147880 seconds.
  path: Assets/Prefab/Barmaid.prefab
  artifactKey: Guid(95ec78452d8831145a683e031c3bbf52) Importer(815301076,1909f56bfc062723c751e8b465ee728b)
Start importing Assets/Prefab/Barmaid.prefab using Guid(95ec78452d8831145a683e031c3bbf52) Importer(815301076,1909f56bfc062723c751e8b465ee728b)  -> (artifact id: 'b57704f92f54e027829856c93d83c32f') in 0.228475 seconds 
  Import took 0.233482 seconds .

========================================================================
Received Import Request.
  Time since last request: 0.000412 seconds.
  path: Assets/Prefab/RedKid.prefab
  artifactKey: Guid(576d680a3f863b94bbc2d859ab3fcce2) Importer(815301076,1909f56bfc062723c751e8b465ee728b)
Start importing Assets/Prefab/RedKid.prefab using Guid(576d680a3f863b94bbc2d859ab3fcce2) Importer(815301076,1909f56bfc062723c751e8b465ee728b)  -> (artifact id: 'f87d56b21e28a877cb032946f1dbf801') in 0.019543 seconds 
  Import took 0.024404 seconds .

========================================================================
Received Import Request.
  Time since last request: 0.000379 seconds.
  path: Assets/Prefab/Tree1.prefab
  artifactKey: Guid(59e984681108a9541a113872ef73a61d) Importer(815301076,1909f56bfc062723c751e8b465ee728b)
Start importing Assets/Prefab/Tree1.prefab using Guid(59e984681108a9541a113872ef73a61d) Importer(815301076,1909f56bfc062723c751e8b465ee728b)  -> (artifact id: 'c3337177a1debf8cc8279db957011006') in 0.019669 seconds 
  Import took 0.024162 seconds .

========================================================================
Received Import Request.
  Time since last request: 0.000417 seconds.
  path: Assets/Prefab/Bush3.prefab
  artifactKey: Guid(51735c84eb58234469ea53bd4e613cde) Importer(815301076,1909f56bfc062723c751e8b465ee728b)
Start importing Assets/Prefab/Bush3.prefab using Guid(51735c84eb58234469ea53bd4e613cde) Importer(815301076,1909f56bfc062723c751e8b465ee728b)  -> (artifact id: '6eebfd4b3926755ffcd0aef497ba3bd0') in 0.016557 seconds 
  Import took 0.021366 seconds .

========================================================================
Received Import Request.
  Time since last request: 0.000607 seconds.
  path: Assets/Prefab/Farmer.prefab
  artifactKey: Guid(fe96ef35a7a1f8943ab38ade0757712a) Importer(815301076,1909f56bfc062723c751e8b465ee728b)
Start importing Assets/Prefab/Farmer.prefab using Guid(fe96ef35a7a1f8943ab38ade0757712a) Importer(815301076,1909f56bfc062723c751e8b465ee728b)  -> (artifact id: '09e1c60c2baf18f6de6b4dda8c902203') in 0.023498 seconds 
  Import took 0.029352 seconds .

========================================================================
Received Import Request.
  Time since last request: 0.000413 seconds.
  path: Assets/Prefab/Pillar.prefab
  artifactKey: Guid(05545dde9c8b2fb4b851012f16032c3d) Importer(815301076,1909f56bfc062723c751e8b465ee728b)
Start importing Assets/Prefab/Pillar.prefab using Guid(05545dde9c8b2fb4b851012f16032c3d) Importer(815301076,1909f56bfc062723c751e8b465ee728b)  -> (artifact id: '7fab5e2332b9ff2bec0e97c2012b94cf') in 0.016313 seconds 
  Import took 0.021811 seconds .

========================================================================
Received Import Request.
  Time since last request: 0.000396 seconds.
  path: Assets/Prefab/house1.prefab
  artifactKey: Guid(c4f9892c80c84484ea94f8bd67ff4590) Importer(815301076,1909f56bfc062723c751e8b465ee728b)
Start importing Assets/Prefab/house1.prefab using Guid(c4f9892c80c84484ea94f8bd67ff4590) Importer(815301076,1909f56bfc062723c751e8b465ee728b)  -> (artifact id: '4c27f9cc8a536a1d73ba430537eb0244') in 0.016679 seconds 
  Import took 0.020983 seconds .

========================================================================
Received Import Request.
  Time since last request: 0.000404 seconds.
  path: Assets/Prefab/Fisherman.prefab
  artifactKey: Guid(afa22c2fe00990742a8d6b7e9e8d567c) Importer(815301076,1909f56bfc062723c751e8b465ee728b)
Start importing Assets/Prefab/Fisherman.prefab using Guid(afa22c2fe00990742a8d6b7e9e8d567c) Importer(815301076,1909f56bfc062723c751e8b465ee728b)  -> (artifact id: 'eb7881175e2b123955c5905e235812d0') in 0.019005 seconds 
  Import took 0.023447 seconds .

========================================================================
Received Import Request.
  Time since last request: 0.000415 seconds.
  path: Assets/Prefab/Bench.prefab
  artifactKey: Guid(3c7a853bdc6d3ac41adc27525ef79245) Importer(815301076,1909f56bfc062723c751e8b465ee728b)
Start importing Assets/Prefab/Bench.prefab using Guid(3c7a853bdc6d3ac41adc27525ef79245) Importer(815301076,1909f56bfc062723c751e8b465ee728b)  -> (artifact id: '0d399cbd3f6dedc00222aa475916e22d') in 0.016789 seconds 
  Import took 0.021987 seconds .

========================================================================
Received Import Request.
  Time since last request: 0.000462 seconds.
  path: Assets/Prefab/Bush1.prefab
  artifactKey: Guid(8401a435ffab9d14599d0e6889348a90) Importer(815301076,1909f56bfc062723c751e8b465ee728b)
Start importing Assets/Prefab/Bush1.prefab using Guid(8401a435ffab9d14599d0e6889348a90) Importer(815301076,1909f56bfc062723c751e8b465ee728b)  -> (artifact id: '4e25aa777ccd338824969734301b1ddb') in 0.017326 seconds 
  Import took 0.033080 seconds .

========================================================================
Received Import Request.
  Time since last request: 0.000367 seconds.
  path: Assets/Prefab/Tree2.prefab
  artifactKey: Guid(6bbba2e1bf1f78a4f8fdcb3ffb4b14e8) Importer(815301076,1909f56bfc062723c751e8b465ee728b)
Start importing Assets/Prefab/Tree2.prefab using Guid(6bbba2e1bf1f78a4f8fdcb3ffb4b14e8) Importer(815301076,1909f56bfc062723c751e8b465ee728b)  -> (artifact id: '8d2391c94f991d488c83c9600647fead') in 0.013723 seconds 
  Import took 0.023311 seconds .

========================================================================
Received Import Request.
  Time since last request: 0.000359 seconds.
  path: Assets/Prefab/BlueKid.prefab
  artifactKey: Guid(140e4048ce9ec1149af1ce8d12b03b80) Importer(815301076,1909f56bfc062723c751e8b465ee728b)
Start importing Assets/Prefab/BlueKid.prefab using Guid(140e4048ce9ec1149af1ce8d12b03b80) Importer(815301076,1909f56bfc062723c751e8b465ee728b)  -> (artifact id: '789bfbe8e1bc99f1a5fa1a2798a9bf47') in 0.015206 seconds 
  Import took 0.019161 seconds .

========================================================================
Received Import Request.
  Time since last request: 0.000327 seconds.
  path: Assets/Prefab/Chest.prefab
  artifactKey: Guid(602990b89fbc93f4b84987373303017b) Importer(815301076,1909f56bfc062723c751e8b465ee728b)
Start importing Assets/Prefab/Chest.prefab using Guid(602990b89fbc93f4b84987373303017b) Importer(815301076,1909f56bfc062723c751e8b465ee728b)  -> (artifact id: 'f8cda98d42bd8363e8844e3975dc9782') in 0.015465 seconds 
  Import took 0.019528 seconds .

========================================================================
Received Import Request.
  Time since last request: 0.000385 seconds.
  path: Assets/Prefab/Tree3.prefab
  artifactKey: Guid(6c10be5d3b7546841a2a2e4d94c98ecd) Importer(815301076,1909f56bfc062723c751e8b465ee728b)
Start importing Assets/Prefab/Tree3.prefab using Guid(6c10be5d3b7546841a2a2e4d94c98ecd) Importer(815301076,1909f56bfc062723c751e8b465ee728b)  -> (artifact id: '344075529da8985d0bb615805ccd45bd') in 0.023807 seconds 
  Import took 0.028080 seconds .

========================================================================
Received Import Request.
  Time since last request: 0.000367 seconds.
  path: Assets/Prefab/Bush4.prefab
  artifactKey: Guid(b213eb11d9fb01f44b765f39960376e2) Importer(815301076,1909f56bfc062723c751e8b465ee728b)
Start importing Assets/Prefab/Bush4.prefab using Guid(b213eb11d9fb01f44b765f39960376e2) Importer(815301076,1909f56bfc062723c751e8b465ee728b)  -> (artifact id: '6aa718361764c7f3bdaf7f9637711933') in 0.014315 seconds 
  Import took 0.017938 seconds .

========================================================================
Received Import Request.
  Time since last request: 0.000404 seconds.
  path: Assets/Prefab/Farm.prefab
  artifactKey: Guid(5bfd58c6d513cc746982c8dad46c11f9) Importer(815301076,1909f56bfc062723c751e8b465ee728b)
Start importing Assets/Prefab/Farm.prefab using Guid(5bfd58c6d513cc746982c8dad46c11f9) Importer(815301076,1909f56bfc062723c751e8b465ee728b)  -> (artifact id: '760ee3e79db85f64780fd013903d1e47') in 0.014245 seconds 
  Import took 0.017823 seconds .

========================================================================
Received Import Request.
  Time since last request: 0.000360 seconds.
  path: Assets/Prefab/Merchant.prefab
  artifactKey: Guid(fd38f34e8dbd6984abc1aafe75816818) Importer(815301076,1909f56bfc062723c751e8b465ee728b)
Start importing Assets/Prefab/Merchant.prefab using Guid(fd38f34e8dbd6984abc1aafe75816818) Importer(815301076,1909f56bfc062723c751e8b465ee728b)  -> (artifact id: '68850e6f5ac518a295a03c4b47de9757') in 0.014513 seconds 
  Import took 0.019279 seconds .

========================================================================
Received Import Request.
  Time since last request: 0.000360 seconds.
  path: Assets/Prefab/Bush2.prefab
  artifactKey: Guid(191cda7d6e596154f9af3b921515d8d2) Importer(815301076,1909f56bfc062723c751e8b465ee728b)
Start importing Assets/Prefab/Bush2.prefab using Guid(191cda7d6e596154f9af3b921515d8d2) Importer(815301076,1909f56bfc062723c751e8b465ee728b)  -> (artifact id: '3ee3c87df4b7928c00324bd2f9d1012d') in 0.012598 seconds 
  Import took 0.016946 seconds .

========================================================================
Received Import Request.
  Time since last request: 0.000284 seconds.
  path: Assets/Prefab/Main_Character.prefab
  artifactKey: Guid(f95b945d0a48f7445b95b7b52c3eeffb) Importer(815301076,1909f56bfc062723c751e8b465ee728b)
Start importing Assets/Prefab/Main_Character.prefab using Guid(f95b945d0a48f7445b95b7b52c3eeffb) Importer(815301076,1909f56bfc062723c751e8b465ee728b)  -> (artifact id: '6a28e8f81c4f82d81f23ae59504ef9f7') in 0.017690 seconds 
  Import took 0.021660 seconds .

========================================================================
Received Import Request.
  Time since last request: 0.000367 seconds.
  path: Assets/Prefab/Rock.prefab
  artifactKey: Guid(6325f6a854b5bd243aff48564cc9b19b) Importer(815301076,1909f56bfc062723c751e8b465ee728b)
Start importing Assets/Prefab/Rock.prefab using Guid(6325f6a854b5bd243aff48564cc9b19b) Importer(815301076,1909f56bfc062723c751e8b465ee728b)  -> (artifact id: '1710c2858362660fd8ecee5946c4bbce') in 0.013219 seconds 
  Import took 0.024182 seconds .

========================================================================
Received Import Request.
  Time since last request: 0.000355 seconds.
  path: Assets/Prefab/Bartender.prefab
  artifactKey: Guid(35ea69f89d113cc46a9bce45dd4c738c) Importer(815301076,1909f56bfc062723c751e8b465ee728b)
Start importing Assets/Prefab/Bartender.prefab using Guid(35ea69f89d113cc46a9bce45dd4c738c) Importer(815301076,1909f56bfc062723c751e8b465ee728b)  -> (artifact id: '5fc66b3ff97f2240f89a9b696aef4457') in 0.013684 seconds 
  Import took 0.018106 seconds .

========================================================================
Received Import Request.
  Time since last request: 0.000411 seconds.
  path: Assets/Prefab/Blacksmith.prefab
  artifactKey: Guid(521f6204391f10149a49908a22ecb2e6) Importer(815301076,1909f56bfc062723c751e8b465ee728b)
Start importing Assets/Prefab/Blacksmith.prefab using Guid(521f6204391f10149a49908a22ecb2e6) Importer(815301076,1909f56bfc062723c751e8b465ee728b)  -> (artifact id: 'ba2aee878b87bb220b607247edf057a7') in 0.035236 seconds 
  Import took 0.039977 seconds .

========================================================================
Received Import Request.
  Time since last request: 149.091786 seconds.
  path: Assets/Art/Background/TX Plant.png
  artifactKey: Guid(f8deb49566a968848b21db2c3dffd6e3) Importer(815301076,1909f56bfc062723c751e8b465ee728b)
Start importing Assets/Art/Background/TX Plant.png using Guid(f8deb49566a968848b21db2c3dffd6e3) Importer(815301076,1909f56bfc062723c751e8b465ee728b)  -> (artifact id: 'e5bfdb8bc476163dbc36f3aaf39f61d5') in 0.309445 seconds 
  Import took 0.313597 seconds .

========================================================================
Received Import Request.
  Time since last request: 0.011796 seconds.
  path: Assets/Art/Background/TX Plant.png
  artifactKey: Guid(f8deb49566a968848b21db2c3dffd6e3) Importer(815301076,1909f56bfc062723c751e8b465ee728b)
Start importing Assets/Art/Background/TX Plant.png using Guid(f8deb49566a968848b21db2c3dffd6e3) Importer(815301076,1909f56bfc062723c751e8b465ee728b)  -> (artifact id: 'e5bfdb8bc476163dbc36f3aaf39f61d5') in 0.089602 seconds 
  Import took 0.094270 seconds .

========================================================================
Received Import Request.
  Time since last request: 73.172965 seconds.
  path: Assets/Scenes/Begining Town.unity
  artifactKey: Guid(2cda990e2423bbf4892e6590ba056729) Importer(815301076,1909f56bfc062723c751e8b465ee728b)
Start importing Assets/Scenes/Begining Town.unity using Guid(2cda990e2423bbf4892e6590ba056729) Importer(815301076,1909f56bfc062723c751e8b465ee728b)  -> (artifact id: 'c5c7a62b7218163e00dca9a0a69f2467') in 0.003749 seconds 
  Import took 0.008767 seconds .

========================================================================
Received Import Request.
  Time since last request: 275.411385 seconds.
  path: Assets/Art/Good Guys/Alchemist_idle.png
  artifactKey: Guid(38c5c36fe4c463148a044eb08617c670) Importer(815301076,1909f56bfc062723c751e8b465ee728b)
Start importing Assets/Art/Good Guys/Alchemist_idle.png using Guid(38c5c36fe4c463148a044eb08617c670) Importer(815301076,1909f56bfc062723c751e8b465ee728b)  -> (artifact id: '1178a44dc37ccf2ea73e46222879b744') in 0.085677 seconds 
  Import took 0.090688 seconds .

========================================================================
Received Import Request.
  Time since last request: 94.285465 seconds.
  path: Assets/Art/Good Guys/Bartender_idle.png
  artifactKey: Guid(02417e007a3ffa84c9d7d8a0bcbce28d) Importer(815301076,1909f56bfc062723c751e8b465ee728b)
Start importing Assets/Art/Good Guys/Bartender_idle.png using Guid(02417e007a3ffa84c9d7d8a0bcbce28d) Importer(815301076,1909f56bfc062723c751e8b465ee728b)  -> (artifact id: '245fb1c7b2e25e79f33882c6e6f3266c') in 0.096146 seconds 
  Import took 0.116012 seconds .

========================================================================
Received Import Request.
  Time since last request: 0.002201 seconds.
  path: Assets/Art/Good Guys/Bartender_idle.png
  artifactKey: Guid(02417e007a3ffa84c9d7d8a0bcbce28d) Importer(815301076,1909f56bfc062723c751e8b465ee728b)
Start importing Assets/Art/Good Guys/Bartender_idle.png using Guid(02417e007a3ffa84c9d7d8a0bcbce28d) Importer(815301076,1909f56bfc062723c751e8b465ee728b)  -> (artifact id: '245fb1c7b2e25e79f33882c6e6f3266c') in 0.056309 seconds 
  Import took 0.061554 seconds .

========================================================================
Received Prepare
Registering precompiled user dll's ...
Registered in 0.002807 seconds.
Begin MonoManager ReloadAssembly
Native extension for WindowsStandalone target not found
Native extension for WebGL target not found
Refreshing native plugins compatible for Editor in 0.56 ms, found 3 plugins.
Preloading 0 native plugins for Editor in 0.00 ms.
Mono: successfully reloaded assembly
- Completed reload, in  1.145 seconds
Domain Reload Profiling:
	ReloadAssembly (1145ms)
		BeginReloadAssembly (124ms)
			ExecutionOrderSort (0ms)
			DisableScriptedObjects (7ms)
			BackupInstance (0ms)
			ReleaseScriptingObjects (0ms)
			CreateAndSetChildDomain (43ms)
		EndReloadAssembly (955ms)
			LoadAssemblies (102ms)
			RebuildTransferFunctionScriptingTraits (0ms)
			SetupTypeCache (335ms)
			ReleaseScriptCaches (1ms)
			RebuildScriptCaches (55ms)
			SetupLoadedEditorAssemblies (341ms)
				LogAssemblyErrors (0ms)
				InitializePlatformSupportModulesInManaged (7ms)
				SetLoadedEditorAssemblies (1ms)
				RefreshPlugins (1ms)
				BeforeProcessingInitializeOnLoad (73ms)
				ProcessInitializeOnLoadAttributes (249ms)
				ProcessInitializeOnLoadMethodAttributes (8ms)
				AfterProcessingInitializeOnLoad (3ms)
				EditorAssembliesLoaded (0ms)
			ExecutionOrderSort2 (0ms)
			AwakeInstancesAfterBackupRestoration (9ms)
Platform modules already initialized, skipping
Refreshing native plugins compatible for Editor in 0.62 ms, found 3 plugins.
Preloading 0 native plugins for Editor in 0.00 ms.
Unloading 2270 Unused Serialized files (Serialized files now loaded: 0)
System memory in use before: 102.9 MB.
System memory in use after: 103.1 MB.

Unloading 15 unused Assets to reduce memory usage. Loaded Objects now: 2801.
Total: 3.520900 ms (FindLiveObjects: 0.243000 ms CreateObjectMapping: 0.085700 ms MarkObjects: 3.144800 ms  DeleteObjects: 0.046300 ms)

AssetImportParameters requested are different than current active one (requested -> active):
  custom:framework-win-MediaFoundation: 216162199b28c13a410421893ffa2e32 -> 
  custom:video-decoder-ogg-theora: a1e56fd34408186e4bbccfd4996cb3dc -> 
  custom:container-muxer-webm: aa71ff27fc2769a1b78a27578f13a17b -> 
  custom:container-demuxer-webm: 4f35f7cbe854078d1ac9338744f61a02 -> 
  custom:container-demuxer-ogg: 62fdf1f143b41e24485cea50d1cbac27 -> 
  custom:video-encoder-webm-vp8: eb34c28f22e8b96e1ab97ce403110664 -> 
  custom:video-decoder-webm-vp8: 9c59270c3fd7afecdb556c50c9e8de78 -> 
  custom:audio-decoder-ogg-vorbis: bf7c407c2cedff20999df2af8eb42d56 -> 
  custom:audio-encoder-webm-vorbis: bf7c407c2cedff20999df2af8eb42d56 -> 
========================================================================
Received Prepare
Registering precompiled user dll's ...
Registered in 0.002442 seconds.
Begin MonoManager ReloadAssembly
Native extension for WindowsStandalone target not found
Native extension for WebGL target not found
Refreshing native plugins compatible for Editor in 0.47 ms, found 3 plugins.
Preloading 0 native plugins for Editor in 0.00 ms.
Mono: successfully reloaded assembly
- Completed reload, in  1.180 seconds
Domain Reload Profiling:
	ReloadAssembly (1180ms)
		BeginReloadAssembly (144ms)
			ExecutionOrderSort (0ms)
			DisableScriptedObjects (7ms)
			BackupInstance (0ms)
			ReleaseScriptingObjects (0ms)
			CreateAndSetChildDomain (51ms)
		EndReloadAssembly (954ms)
			LoadAssemblies (109ms)
			RebuildTransferFunctionScriptingTraits (0ms)
			SetupTypeCache (367ms)
			ReleaseScriptCaches (1ms)
			RebuildScriptCaches (50ms)
			SetupLoadedEditorAssemblies (331ms)
				LogAssemblyErrors (0ms)
				InitializePlatformSupportModulesInManaged (6ms)
				SetLoadedEditorAssemblies (0ms)
				RefreshPlugins (1ms)
				BeforeProcessingInitializeOnLoad (60ms)
				ProcessInitializeOnLoadAttributes (254ms)
				ProcessInitializeOnLoadMethodAttributes (7ms)
				AfterProcessingInitializeOnLoad (2ms)
				EditorAssembliesLoaded (0ms)
			ExecutionOrderSort2 (0ms)
			AwakeInstancesAfterBackupRestoration (10ms)
Platform modules already initialized, skipping
Refreshing native plugins compatible for Editor in 0.48 ms, found 3 plugins.
Preloading 0 native plugins for Editor in 0.00 ms.
Unloading 2270 Unused Serialized files (Serialized files now loaded: 0)
System memory in use before: 103.0 MB.
System memory in use after: 103.2 MB.

Unloading 15 unused Assets to reduce memory usage. Loaded Objects now: 2803.
Total: 3.413000 ms (FindLiveObjects: 0.295200 ms CreateObjectMapping: 0.096900 ms MarkObjects: 3.002600 ms  DeleteObjects: 0.017400 ms)

AssetImportParameters requested are different than current active one (requested -> active):
  custom:framework-win-MediaFoundation: 216162199b28c13a410421893ffa2e32 -> 
  custom:video-decoder-ogg-theora: a1e56fd34408186e4bbccfd4996cb3dc -> 
  custom:container-muxer-webm: aa71ff27fc2769a1b78a27578f13a17b -> 
  custom:container-demuxer-webm: 4f35f7cbe854078d1ac9338744f61a02 -> 
  custom:container-demuxer-ogg: 62fdf1f143b41e24485cea50d1cbac27 -> 
  custom:video-encoder-webm-vp8: eb34c28f22e8b96e1ab97ce403110664 -> 
  custom:video-decoder-webm-vp8: 9c59270c3fd7afecdb556c50c9e8de78 -> 
  custom:audio-decoder-ogg-vorbis: bf7c407c2cedff20999df2af8eb42d56 -> 
  custom:audio-encoder-webm-vorbis: bf7c407c2cedff20999df2af8eb42d56 -> 
========================================================================
Received Import Request.
  Time since last request: 106.994948 seconds.
  path: Assets/Scenes/Flatlands.unity
  artifactKey: Guid(3ae6118829e472548abd67c885033b5a) Importer(815301076,1909f56bfc062723c751e8b465ee728b)
Start importing Assets/Scenes/Flatlands.unity using Guid(3ae6118829e472548abd67c885033b5a) Importer(815301076,1909f56bfc062723c751e8b465ee728b)  -> (artifact id: 'a0c647661e43a472e57ce007df39cf15') in 0.024410 seconds 
  Import took 0.029049 seconds .

========================================================================
Received Import Request.
  Time since last request: 134.762268 seconds.
  path: Assets/Scenes/Begining Town.unity
  artifactKey: Guid(2cda990e2423bbf4892e6590ba056729) Importer(815301076,1909f56bfc062723c751e8b465ee728b)
Start importing Assets/Scenes/Begining Town.unity using Guid(2cda990e2423bbf4892e6590ba056729) Importer(815301076,1909f56bfc062723c751e8b465ee728b)  -> (artifact id: 'b06b30758127fc2d6110357f29943534') in 0.003820 seconds 
  Import took 0.009154 seconds .

========================================================================
Received Import Request.
  Time since last request: 0.015002 seconds.
  path: Assets/Scenes/Begining Town.unity
  artifactKey: Guid(2cda990e2423bbf4892e6590ba056729) Importer(815301076,1909f56bfc062723c751e8b465ee728b)
Start importing Assets/Scenes/Begining Town.unity using Guid(2cda990e2423bbf4892e6590ba056729) Importer(815301076,1909f56bfc062723c751e8b465ee728b)  -> (artifact id: 'b06b30758127fc2d6110357f29943534') in 0.002708 seconds 
  Import took 0.006654 seconds .

========================================================================
Received Prepare
Registering precompiled user dll's ...
Registered in 0.002617 seconds.
Begin MonoManager ReloadAssembly
Native extension for WindowsStandalone target not found
Native extension for WebGL target not found
Refreshing native plugins compatible for Editor in 0.47 ms, found 3 plugins.
Preloading 0 native plugins for Editor in 0.00 ms.
Mono: successfully reloaded assembly
- Completed reload, in  1.153 seconds
Domain Reload Profiling:
	ReloadAssembly (1153ms)
		BeginReloadAssembly (120ms)
			ExecutionOrderSort (0ms)
			DisableScriptedObjects (7ms)
			BackupInstance (0ms)
			ReleaseScriptingObjects (0ms)
			CreateAndSetChildDomain (37ms)
		EndReloadAssembly (971ms)
			LoadAssemblies (115ms)
			RebuildTransferFunctionScriptingTraits (0ms)
			SetupTypeCache (303ms)
			ReleaseScriptCaches (1ms)
			RebuildScriptCaches (77ms)
			SetupLoadedEditorAssemblies (368ms)
				LogAssemblyErrors (0ms)
				InitializePlatformSupportModulesInManaged (6ms)
				SetLoadedEditorAssemblies (0ms)
				RefreshPlugins (1ms)
				BeforeProcessingInitializeOnLoad (58ms)
				ProcessInitializeOnLoadAttributes (294ms)
				ProcessInitializeOnLoadMethodAttributes (6ms)
				AfterProcessingInitializeOnLoad (3ms)
				EditorAssembliesLoaded (0ms)
			ExecutionOrderSort2 (0ms)
			AwakeInstancesAfterBackupRestoration (11ms)
Platform modules already initialized, skipping
Refreshing native plugins compatible for Editor in 0.59 ms, found 3 plugins.
Preloading 0 native plugins for Editor in 0.00 ms.
Unloading 2270 Unused Serialized files (Serialized files now loaded: 0)
System memory in use before: 103.0 MB.
System memory in use after: 103.2 MB.

Unloading 15 unused Assets to reduce memory usage. Loaded Objects now: 2805.
Total: 5.366600 ms (FindLiveObjects: 0.256000 ms CreateObjectMapping: 0.097400 ms MarkObjects: 4.968200 ms  DeleteObjects: 0.043200 ms)

AssetImportParameters requested are different than current active one (requested -> active):
  custom:framework-win-MediaFoundation: 216162199b28c13a410421893ffa2e32 -> 
  custom:video-decoder-ogg-theora: a1e56fd34408186e4bbccfd4996cb3dc -> 
  custom:container-muxer-webm: aa71ff27fc2769a1b78a27578f13a17b -> 
  custom:container-demuxer-webm: 4f35f7cbe854078d1ac9338744f61a02 -> 
  custom:container-demuxer-ogg: 62fdf1f143b41e24485cea50d1cbac27 -> 
  custom:video-encoder-webm-vp8: eb34c28f22e8b96e1ab97ce403110664 -> 
  custom:video-decoder-webm-vp8: 9c59270c3fd7afecdb556c50c9e8de78 -> 
  custom:audio-decoder-ogg-vorbis: bf7c407c2cedff20999df2af8eb42d56 -> 
  custom:audio-encoder-webm-vorbis: bf7c407c2cedff20999df2af8eb42d56 -> 
========================================================================
Received Import Request.
  Time since last request: 27.455997 seconds.
  path: Assets/Scenes/Flatlands.unity
  artifactKey: Guid(3ae6118829e472548abd67c885033b5a) Importer(815301076,1909f56bfc062723c751e8b465ee728b)
Start importing Assets/Scenes/Flatlands.unity using Guid(3ae6118829e472548abd67c885033b5a) Importer(815301076,1909f56bfc062723c751e8b465ee728b)  -> (artifact id: 'a28e8862ef83b484345987b917fc834f') in 0.015280 seconds 
  Import took 0.020023 seconds .

========================================================================
Received Import Request.
  Time since last request: 139.483195 seconds.
  path: Assets/Scenes/Flatlands.unity
  artifactKey: Guid(3ae6118829e472548abd67c885033b5a) Importer(815301076,1909f56bfc062723c751e8b465ee728b)
Start importing Assets/Scenes/Flatlands.unity using Guid(3ae6118829e472548abd67c885033b5a) Importer(815301076,1909f56bfc062723c751e8b465ee728b)  -> (artifact id: 'ee007e0bd3109ed286d2e3dae67a2ed8') in 0.003543 seconds 
  Import took 0.008061 seconds .

========================================================================
Received Import Request.
  Time since last request: 23.291751 seconds.
  path: Assets/Scenes/Flatlands.unity
  artifactKey: Guid(3ae6118829e472548abd67c885033b5a) Importer(815301076,1909f56bfc062723c751e8b465ee728b)
Start importing Assets/Scenes/Flatlands.unity using Guid(3ae6118829e472548abd67c885033b5a) Importer(815301076,1909f56bfc062723c751e8b465ee728b)  -> (artifact id: '6eeed7fbfb43d25918256b5e49e4693a') in 0.002531 seconds 
  Import took 0.006288 seconds .

========================================================================
Received Prepare
Registering precompiled user dll's ...
Registered in 0.002441 seconds.
Begin MonoManager ReloadAssembly
Native extension for WindowsStandalone target not found
Native extension for WebGL target not found
Refreshing native plugins compatible for Editor in 0.48 ms, found 3 plugins.
Preloading 0 native plugins for Editor in 0.00 ms.
Mono: successfully reloaded assembly
- Completed reload, in  1.103 seconds
Domain Reload Profiling:
	ReloadAssembly (1104ms)
		BeginReloadAssembly (121ms)
			ExecutionOrderSort (0ms)
			DisableScriptedObjects (6ms)
			BackupInstance (0ms)
			ReleaseScriptingObjects (0ms)
			CreateAndSetChildDomain (38ms)
		EndReloadAssembly (915ms)
			LoadAssemblies (94ms)
			RebuildTransferFunctionScriptingTraits (0ms)
			SetupTypeCache (330ms)
			ReleaseScriptCaches (1ms)
			RebuildScriptCaches (51ms)
			SetupLoadedEditorAssemblies (323ms)
				LogAssemblyErrors (0ms)
				InitializePlatformSupportModulesInManaged (6ms)
				SetLoadedEditorAssemblies (0ms)
				RefreshPlugins (1ms)
				BeforeProcessingInitializeOnLoad (58ms)
				ProcessInitializeOnLoadAttributes (250ms)
				ProcessInitializeOnLoadMethodAttributes (6ms)
				AfterProcessingInitializeOnLoad (2ms)
				EditorAssembliesLoaded (0ms)
			ExecutionOrderSort2 (0ms)
			AwakeInstancesAfterBackupRestoration (9ms)
Platform modules already initialized, skipping
Refreshing native plugins compatible for Editor in 0.48 ms, found 3 plugins.
Preloading 0 native plugins for Editor in 0.00 ms.
Unloading 2270 Unused Serialized files (Serialized files now loaded: 0)
System memory in use before: 103.1 MB.
System memory in use after: 103.3 MB.

Unloading 15 unused Assets to reduce memory usage. Loaded Objects now: 2807.
Total: 3.766600 ms (FindLiveObjects: 0.250400 ms CreateObjectMapping: 0.095500 ms MarkObjects: 3.376400 ms  DeleteObjects: 0.018200 ms)

AssetImportParameters requested are different than current active one (requested -> active):
  custom:framework-win-MediaFoundation: 216162199b28c13a410421893ffa2e32 -> 
  custom:video-decoder-ogg-theora: a1e56fd34408186e4bbccfd4996cb3dc -> 
  custom:container-muxer-webm: aa71ff27fc2769a1b78a27578f13a17b -> 
  custom:container-demuxer-webm: 4f35f7cbe854078d1ac9338744f61a02 -> 
  custom:container-demuxer-ogg: 62fdf1f143b41e24485cea50d1cbac27 -> 
  custom:video-encoder-webm-vp8: eb34c28f22e8b96e1ab97ce403110664 -> 
  custom:video-decoder-webm-vp8: 9c59270c3fd7afecdb556c50c9e8de78 -> 
  custom:audio-decoder-ogg-vorbis: bf7c407c2cedff20999df2af8eb42d56 -> 
  custom:audio-encoder-webm-vorbis: bf7c407c2cedff20999df2af8eb42d56 -> 
========================================================================
Received Import Request.
  Time since last request: 51.725486 seconds.
  path: Assets/Scenes/Flatlands.unity
  artifactKey: Guid(3ae6118829e472548abd67c885033b5a) Importer(815301076,1909f56bfc062723c751e8b465ee728b)
Start importing Assets/Scenes/Flatlands.unity using Guid(3ae6118829e472548abd67c885033b5a) Importer(815301076,1909f56bfc062723c751e8b465ee728b)  -> (artifact id: 'f3a2667e08217b7fb791f9fcc1db5c45') in 0.012103 seconds 
  Import took 0.015914 seconds .

========================================================================
Received Import Request.
  Time since last request: 0.002677 seconds.
  path: Assets/Scenes/Flatlands.unity
  artifactKey: Guid(3ae6118829e472548abd67c885033b5a) Importer(815301076,1909f56bfc062723c751e8b465ee728b)
Start importing Assets/Scenes/Flatlands.unity using Guid(3ae6118829e472548abd67c885033b5a) Importer(815301076,1909f56bfc062723c751e8b465ee728b)  -> (artifact id: 'f3a2667e08217b7fb791f9fcc1db5c45') in 0.003570 seconds 
  Import took 0.007647 seconds .

========================================================================
Received Prepare
Registering precompiled user dll's ...
Registered in 0.002405 seconds.
Begin MonoManager ReloadAssembly
Native extension for WindowsStandalone target not found
Native extension for WebGL target not found
Refreshing native plugins compatible for Editor in 0.50 ms, found 3 plugins.
Preloading 0 native plugins for Editor in 0.00 ms.
Mono: successfully reloaded assembly
- Completed reload, in  1.111 seconds
Domain Reload Profiling:
	ReloadAssembly (1111ms)
		BeginReloadAssembly (123ms)
			ExecutionOrderSort (0ms)
			DisableScriptedObjects (6ms)
			BackupInstance (0ms)
			ReleaseScriptingObjects (0ms)
			CreateAndSetChildDomain (35ms)
		EndReloadAssembly (926ms)
			LoadAssemblies (95ms)
			RebuildTransferFunctionScriptingTraits (0ms)
			SetupTypeCache (338ms)
			ReleaseScriptCaches (1ms)
			RebuildScriptCaches (52ms)
			SetupLoadedEditorAssemblies (324ms)
				LogAssemblyErrors (0ms)
				InitializePlatformSupportModulesInManaged (6ms)
				SetLoadedEditorAssemblies (0ms)
				RefreshPlugins (1ms)
				BeforeProcessingInitializeOnLoad (63ms)
				ProcessInitializeOnLoadAttributes (245ms)
				ProcessInitializeOnLoadMethodAttributes (6ms)
				AfterProcessingInitializeOnLoad (3ms)
				EditorAssembliesLoaded (0ms)
			ExecutionOrderSort2 (0ms)
			AwakeInstancesAfterBackupRestoration (9ms)
Platform modules already initialized, skipping
Refreshing native plugins compatible for Editor in 0.62 ms, found 3 plugins.
Preloading 0 native plugins for Editor in 0.00 ms.
Unloading 2270 Unused Serialized files (Serialized files now loaded: 0)
System memory in use before: 103.1 MB.
System memory in use after: 103.3 MB.

Unloading 15 unused Assets to reduce memory usage. Loaded Objects now: 2809.
Total: 3.534900 ms (FindLiveObjects: 0.251200 ms CreateObjectMapping: 0.109500 ms MarkObjects: 3.132100 ms  DeleteObjects: 0.041100 ms)

AssetImportParameters requested are different than current active one (requested -> active):
  custom:framework-win-MediaFoundation: 216162199b28c13a410421893ffa2e32 -> 
  custom:video-decoder-ogg-theora: a1e56fd34408186e4bbccfd4996cb3dc -> 
  custom:container-muxer-webm: aa71ff27fc2769a1b78a27578f13a17b -> 
  custom:container-demuxer-webm: 4f35f7cbe854078d1ac9338744f61a02 -> 
  custom:container-demuxer-ogg: 62fdf1f143b41e24485cea50d1cbac27 -> 
  custom:video-encoder-webm-vp8: eb34c28f22e8b96e1ab97ce403110664 -> 
  custom:video-decoder-webm-vp8: 9c59270c3fd7afecdb556c50c9e8de78 -> 
  custom:audio-decoder-ogg-vorbis: bf7c407c2cedff20999df2af8eb42d56 -> 
  custom:audio-encoder-webm-vorbis: bf7c407c2cedff20999df2af8eb42d56 -> 
========================================================================
Received Prepare
Registering precompiled user dll's ...
Registered in 0.002517 seconds.
Begin MonoManager ReloadAssembly
Native extension for WindowsStandalone target not found
Native extension for WebGL target not found
Refreshing native plugins compatible for Editor in 0.47 ms, found 3 plugins.
Preloading 0 native plugins for Editor in 0.00 ms.
Mono: successfully reloaded assembly
- Completed reload, in  1.170 seconds
Domain Reload Profiling:
	ReloadAssembly (1170ms)
		BeginReloadAssembly (116ms)
			ExecutionOrderSort (0ms)
			DisableScriptedObjects (8ms)
			BackupInstance (0ms)
			ReleaseScriptingObjects (0ms)
			CreateAndSetChildDomain (37ms)
		EndReloadAssembly (990ms)
			LoadAssemblies (99ms)
			RebuildTransferFunctionScriptingTraits (0ms)
			SetupTypeCache (339ms)
			ReleaseScriptCaches (2ms)
			RebuildScriptCaches (59ms)
			SetupLoadedEditorAssemblies (361ms)
				LogAssemblyErrors (0ms)
				InitializePlatformSupportModulesInManaged (8ms)
				SetLoadedEditorAssemblies (0ms)
				RefreshPlugins (1ms)
				BeforeProcessingInitializeOnLoad (69ms)
				ProcessInitializeOnLoadAttributes (274ms)
				ProcessInitializeOnLoadMethodAttributes (6ms)
				AfterProcessingInitializeOnLoad (2ms)
				EditorAssembliesLoaded (0ms)
			ExecutionOrderSort2 (0ms)
			AwakeInstancesAfterBackupRestoration (11ms)
Platform modules already initialized, skipping
Refreshing native plugins compatible for Editor in 0.49 ms, found 3 plugins.
Preloading 0 native plugins for Editor in 0.00 ms.
Unloading 2270 Unused Serialized files (Serialized files now loaded: 0)
System memory in use before: 103.0 MB.
System memory in use after: 103.2 MB.

Unloading 15 unused Assets to reduce memory usage. Loaded Objects now: 2811.
Total: 4.881700 ms (FindLiveObjects: 0.254600 ms CreateObjectMapping: 0.149500 ms MarkObjects: 4.450800 ms  DeleteObjects: 0.025500 ms)

AssetImportParameters requested are different than current active one (requested -> active):
  custom:framework-win-MediaFoundation: 216162199b28c13a410421893ffa2e32 -> 
  custom:video-decoder-ogg-theora: a1e56fd34408186e4bbccfd4996cb3dc -> 
  custom:container-muxer-webm: aa71ff27fc2769a1b78a27578f13a17b -> 
  custom:container-demuxer-webm: 4f35f7cbe854078d1ac9338744f61a02 -> 
  custom:container-demuxer-ogg: 62fdf1f143b41e24485cea50d1cbac27 -> 
  custom:video-encoder-webm-vp8: eb34c28f22e8b96e1ab97ce403110664 -> 
  custom:video-decoder-webm-vp8: 9c59270c3fd7afecdb556c50c9e8de78 -> 
  custom:audio-decoder-ogg-vorbis: bf7c407c2cedff20999df2af8eb42d56 -> 
  custom:audio-encoder-webm-vorbis: bf7c407c2cedff20999df2af8eb42d56 -> 
========================================================================
Received Import Request.
  Time since last request: 131.653564 seconds.
  path: Assets/Scenes/Flatlands.unity
  artifactKey: Guid(3ae6118829e472548abd67c885033b5a) Importer(815301076,1909f56bfc062723c751e8b465ee728b)
Start importing Assets/Scenes/Flatlands.unity using Guid(3ae6118829e472548abd67c885033b5a) Importer(815301076,1909f56bfc062723c751e8b465ee728b)  -> (artifact id: '80f8e61de1617c824f03bdc8f569f46f') in 0.017674 seconds 
  Import took 0.303097 seconds .

========================================================================
Received Import Request.
  Time since last request: 2.467429 seconds.
  path: Assets/Scenes/Flatlands.unity
  artifactKey: Guid(3ae6118829e472548abd67c885033b5a) Importer(815301076,1909f56bfc062723c751e8b465ee728b)
Start importing Assets/Scenes/Flatlands.unity using Guid(3ae6118829e472548abd67c885033b5a) Importer(815301076,1909f56bfc062723c751e8b465ee728b)  -> (artifact id: 'f22c5b4cb20f2962748415ba259458d8') in 0.003136 seconds 
  Import took 0.007314 seconds .

========================================================================
Received Prepare
Registering precompiled user dll's ...
Registered in 0.002910 seconds.
Begin MonoManager ReloadAssembly
Native extension for WindowsStandalone target not found
Native extension for WebGL target not found
Refreshing native plugins compatible for Editor in 0.81 ms, found 3 plugins.
Preloading 0 native plugins for Editor in 0.00 ms.
Mono: successfully reloaded assembly
- Completed reload, in  1.165 seconds
Domain Reload Profiling:
	ReloadAssembly (1165ms)
		BeginReloadAssembly (117ms)
			ExecutionOrderSort (0ms)
			DisableScriptedObjects (7ms)
			BackupInstance (0ms)
			ReleaseScriptingObjects (0ms)
			CreateAndSetChildDomain (39ms)
		EndReloadAssembly (981ms)
			LoadAssemblies (97ms)
			RebuildTransferFunctionScriptingTraits (0ms)
			SetupTypeCache (359ms)
			ReleaseScriptCaches (1ms)
			RebuildScriptCaches (53ms)
			SetupLoadedEditorAssemblies (350ms)
				LogAssemblyErrors (0ms)
				InitializePlatformSupportModulesInManaged (5ms)
				SetLoadedEditorAssemblies (0ms)
				RefreshPlugins (1ms)
				BeforeProcessingInitializeOnLoad (69ms)
				ProcessInitializeOnLoadAttributes (265ms)
				ProcessInitializeOnLoadMethodAttributes (6ms)
				AfterProcessingInitializeOnLoad (3ms)
				EditorAssembliesLoaded (0ms)
			ExecutionOrderSort2 (0ms)
			AwakeInstancesAfterBackupRestoration (10ms)
Platform modules already initialized, skipping
Refreshing native plugins compatible for Editor in 0.49 ms, found 3 plugins.
Preloading 0 native plugins for Editor in 0.00 ms.
Unloading 2270 Unused Serialized files (Serialized files now loaded: 0)
System memory in use before: 103.1 MB.
System memory in use after: 103.3 MB.

Unloading 15 unused Assets to reduce memory usage. Loaded Objects now: 2813.
Total: 3.534800 ms (FindLiveObjects: 0.248800 ms CreateObjectMapping: 0.097000 ms MarkObjects: 3.141800 ms  DeleteObjects: 0.046000 ms)

AssetImportParameters requested are different than current active one (requested -> active):
  custom:framework-win-MediaFoundation: 216162199b28c13a410421893ffa2e32 -> 
  custom:video-decoder-ogg-theora: a1e56fd34408186e4bbccfd4996cb3dc -> 
  custom:container-muxer-webm: aa71ff27fc2769a1b78a27578f13a17b -> 
  custom:container-demuxer-webm: 4f35f7cbe854078d1ac9338744f61a02 -> 
  custom:container-demuxer-ogg: 62fdf1f143b41e24485cea50d1cbac27 -> 
  custom:video-encoder-webm-vp8: eb34c28f22e8b96e1ab97ce403110664 -> 
  custom:video-decoder-webm-vp8: 9c59270c3fd7afecdb556c50c9e8de78 -> 
  custom:audio-decoder-ogg-vorbis: bf7c407c2cedff20999df2af8eb42d56 -> 
  custom:audio-encoder-webm-vorbis: bf7c407c2cedff20999df2af8eb42d56 -> 
========================================================================
Received Prepare
Registering precompiled user dll's ...
Registered in 0.002445 seconds.
Begin MonoManager ReloadAssembly
Native extension for WindowsStandalone target not found
Native extension for WebGL target not found
Refreshing native plugins compatible for Editor in 0.48 ms, found 3 plugins.
Preloading 0 native plugins for Editor in 0.00 ms.
Mono: successfully reloaded assembly
- Completed reload, in  1.194 seconds
Domain Reload Profiling:
	ReloadAssembly (1195ms)
		BeginReloadAssembly (145ms)
			ExecutionOrderSort (0ms)
			DisableScriptedObjects (12ms)
			BackupInstance (0ms)
			ReleaseScriptingObjects (0ms)
			CreateAndSetChildDomain (42ms)
		EndReloadAssembly (979ms)
			LoadAssemblies (102ms)
			RebuildTransferFunctionScriptingTraits (0ms)
			SetupTypeCache (354ms)
			ReleaseScriptCaches (1ms)
			RebuildScriptCaches (66ms)
			SetupLoadedEditorAssemblies (334ms)
				LogAssemblyErrors (0ms)
				InitializePlatformSupportModulesInManaged (6ms)
				SetLoadedEditorAssemblies (0ms)
				RefreshPlugins (1ms)
				BeforeProcessingInitializeOnLoad (64ms)
				ProcessInitializeOnLoadAttributes (254ms)
				ProcessInitializeOnLoadMethodAttributes (7ms)
				AfterProcessingInitializeOnLoad (2ms)
				EditorAssembliesLoaded (0ms)
			ExecutionOrderSort2 (0ms)
			AwakeInstancesAfterBackupRestoration (9ms)
Platform modules already initialized, skipping
Refreshing native plugins compatible for Editor in 0.50 ms, found 3 plugins.
Preloading 0 native plugins for Editor in 0.00 ms.
Unloading 2270 Unused Serialized files (Serialized files now loaded: 0)
System memory in use before: 103.1 MB.
System memory in use after: 103.3 MB.

Unloading 15 unused Assets to reduce memory usage. Loaded Objects now: 2815.
Total: 3.384600 ms (FindLiveObjects: 0.295300 ms CreateObjectMapping: 0.101500 ms MarkObjects: 2.969100 ms  DeleteObjects: 0.017600 ms)

AssetImportParameters requested are different than current active one (requested -> active):
  custom:framework-win-MediaFoundation: 216162199b28c13a410421893ffa2e32 -> 
  custom:video-decoder-ogg-theora: a1e56fd34408186e4bbccfd4996cb3dc -> 
  custom:container-muxer-webm: aa71ff27fc2769a1b78a27578f13a17b -> 
  custom:container-demuxer-webm: 4f35f7cbe854078d1ac9338744f61a02 -> 
  custom:container-demuxer-ogg: 62fdf1f143b41e24485cea50d1cbac27 -> 
  custom:video-encoder-webm-vp8: eb34c28f22e8b96e1ab97ce403110664 -> 
  custom:video-decoder-webm-vp8: 9c59270c3fd7afecdb556c50c9e8de78 -> 
  custom:audio-decoder-ogg-vorbis: bf7c407c2cedff20999df2af8eb42d56 -> 
  custom:audio-encoder-webm-vorbis: bf7c407c2cedff20999df2af8eb42d56 -> 
========================================================================
Received Prepare
Registering precompiled user dll's ...
Registered in 0.003514 seconds.
Begin MonoManager ReloadAssembly
Native extension for WindowsStandalone target not found
Native extension for WebGL target not found
Refreshing native plugins compatible for Editor in 0.82 ms, found 3 plugins.
Preloading 0 native plugins for Editor in 0.00 ms.
Mono: successfully reloaded assembly
- Completed reload, in  1.218 seconds
Domain Reload Profiling:
	ReloadAssembly (1219ms)
		BeginReloadAssembly (136ms)
			ExecutionOrderSort (0ms)
			DisableScriptedObjects (7ms)
			BackupInstance (0ms)
			ReleaseScriptingObjects (0ms)
			CreateAndSetChildDomain (42ms)
		EndReloadAssembly (1008ms)
			LoadAssemblies (109ms)
			RebuildTransferFunctionScriptingTraits (0ms)
			SetupTypeCache (359ms)
			ReleaseScriptCaches (1ms)
			RebuildScriptCaches (58ms)
			SetupLoadedEditorAssemblies (346ms)
				LogAssemblyErrors (0ms)
				InitializePlatformSupportModulesInManaged (8ms)
				SetLoadedEditorAssemblies (1ms)
				RefreshPlugins (1ms)
				BeforeProcessingInitializeOnLoad (62ms)
				ProcessInitializeOnLoadAttributes (264ms)
				ProcessInitializeOnLoadMethodAttributes (7ms)
				AfterProcessingInitializeOnLoad (3ms)
				EditorAssembliesLoaded (0ms)
			ExecutionOrderSort2 (0ms)
			AwakeInstancesAfterBackupRestoration (10ms)
Platform modules already initialized, skipping
Refreshing native plugins compatible for Editor in 0.67 ms, found 3 plugins.
Preloading 0 native plugins for Editor in 0.00 ms.
Unloading 2270 Unused Serialized files (Serialized files now loaded: 0)
System memory in use before: 103.1 MB.
System memory in use after: 103.3 MB.

Unloading 15 unused Assets to reduce memory usage. Loaded Objects now: 2817.
Total: 4.233600 ms (FindLiveObjects: 0.238300 ms CreateObjectMapping: 0.082800 ms MarkObjects: 3.889500 ms  DeleteObjects: 0.021500 ms)

AssetImportParameters requested are different than current active one (requested -> active):
  custom:framework-win-MediaFoundation: 216162199b28c13a410421893ffa2e32 -> 
  custom:video-decoder-ogg-theora: a1e56fd34408186e4bbccfd4996cb3dc -> 
  custom:container-muxer-webm: aa71ff27fc2769a1b78a27578f13a17b -> 
  custom:container-demuxer-webm: 4f35f7cbe854078d1ac9338744f61a02 -> 
  custom:container-demuxer-ogg: 62fdf1f143b41e24485cea50d1cbac27 -> 
  custom:video-encoder-webm-vp8: eb34c28f22e8b96e1ab97ce403110664 -> 
  custom:video-decoder-webm-vp8: 9c59270c3fd7afecdb556c50c9e8de78 -> 
  custom:audio-decoder-ogg-vorbis: bf7c407c2cedff20999df2af8eb42d56 -> 
  custom:audio-encoder-webm-vorbis: bf7c407c2cedff20999df2af8eb42d56 -> 
========================================================================
Received Import Request.
  Time since last request: 91.904635 seconds.
  path: Assets/Art/Good Guys/Alchemist_walk.png
  artifactKey: Guid(8f12e41e4fb0f99469db3e0efe7c2f86) Importer(815301076,1909f56bfc062723c751e8b465ee728b)
Start importing Assets/Art/Good Guys/Alchemist_walk.png using Guid(8f12e41e4fb0f99469db3e0efe7c2f86) Importer(815301076,1909f56bfc062723c751e8b465ee728b)  -> (artifact id: '6435315fd6cb57bd4cf8619d849977eb') in 0.105784 seconds 
  Import took 0.154280 seconds .

========================================================================
Received Prepare
Registering precompiled user dll's ...
Registered in 0.002451 seconds.
Begin MonoManager ReloadAssembly
Native extension for WindowsStandalone target not found
Native extension for WebGL target not found
Refreshing native plugins compatible for Editor in 0.47 ms, found 3 plugins.
Preloading 0 native plugins for Editor in 0.00 ms.
Mono: successfully reloaded assembly
- Completed reload, in  1.084 seconds
Domain Reload Profiling:
	ReloadAssembly (1085ms)
		BeginReloadAssembly (132ms)
			ExecutionOrderSort (0ms)
			DisableScriptedObjects (6ms)
			BackupInstance (0ms)
			ReleaseScriptingObjects (0ms)
			CreateAndSetChildDomain (38ms)
		EndReloadAssembly (894ms)
			LoadAssemblies (116ms)
			RebuildTransferFunctionScriptingTraits (0ms)
			SetupTypeCache (324ms)
			ReleaseScriptCaches (1ms)
			RebuildScriptCaches (51ms)
			SetupLoadedEditorAssemblies (314ms)
				LogAssemblyErrors (0ms)
				InitializePlatformSupportModulesInManaged (6ms)
				SetLoadedEditorAssemblies (0ms)
				RefreshPlugins (1ms)
				BeforeProcessingInitializeOnLoad (57ms)
				ProcessInitializeOnLoadAttributes (241ms)
				ProcessInitializeOnLoadMethodAttributes (6ms)
				AfterProcessingInitializeOnLoad (3ms)
				EditorAssembliesLoaded (0ms)
			ExecutionOrderSort2 (0ms)
			AwakeInstancesAfterBackupRestoration (10ms)
Platform modules already initialized, skipping
Refreshing native plugins compatible for Editor in 0.55 ms, found 3 plugins.
Preloading 0 native plugins for Editor in 0.00 ms.
Unloading 2270 Unused Serialized files (Serialized files now loaded: 0)
System memory in use before: 103.1 MB.
System memory in use after: 103.4 MB.

Unloading 15 unused Assets to reduce memory usage. Loaded Objects now: 2820.
Total: 3.636500 ms (FindLiveObjects: 0.245900 ms CreateObjectMapping: 0.095400 ms MarkObjects: 3.275400 ms  DeleteObjects: 0.018800 ms)

AssetImportParameters requested are different than current active one (requested -> active):
  custom:framework-win-MediaFoundation: 216162199b28c13a410421893ffa2e32 -> 
  custom:video-decoder-ogg-theora: a1e56fd34408186e4bbccfd4996cb3dc -> 
  custom:container-muxer-webm: aa71ff27fc2769a1b78a27578f13a17b -> 
  custom:container-demuxer-webm: 4f35f7cbe854078d1ac9338744f61a02 -> 
  custom:container-demuxer-ogg: 62fdf1f143b41e24485cea50d1cbac27 -> 
  custom:video-encoder-webm-vp8: eb34c28f22e8b96e1ab97ce403110664 -> 
  custom:video-decoder-webm-vp8: 9c59270c3fd7afecdb556c50c9e8de78 -> 
  custom:audio-decoder-ogg-vorbis: bf7c407c2cedff20999df2af8eb42d56 -> 
  custom:audio-encoder-webm-vorbis: bf7c407c2cedff20999df2af8eb42d56 -> 
========================================================================
Received Import Request.
  Time since last request: 130.686326 seconds.
  path: Assets/Scenes/Flatlands.unity
  artifactKey: Guid(3ae6118829e472548abd67c885033b5a) Importer(815301076,1909f56bfc062723c751e8b465ee728b)
Start importing Assets/Scenes/Flatlands.unity using Guid(3ae6118829e472548abd67c885033b5a) Importer(815301076,1909f56bfc062723c751e8b465ee728b)  -> (artifact id: '7944cf20be2d13d63303c00607830314') in 0.016667 seconds 
  Import took 0.022794 seconds .

========================================================================
Received Import Request.
  Time since last request: 62.189712 seconds.
  path: Assets/Art
  artifactKey: Guid(b430e46028863d64884b9731bf8a476d) Importer(815301076,1909f56bfc062723c751e8b465ee728b)
Start importing Assets/Art using Guid(b430e46028863d64884b9731bf8a476d) Importer(815301076,1909f56bfc062723c751e8b465ee728b)  -> (artifact id: '7fbd6c7bd5a8c8a140f889b1884dfa7e') in 0.007210 seconds 
  Import took 0.011539 seconds .

========================================================================
Received Import Request.
  Time since last request: 1.266645 seconds.
  path: Assets/Art/Bad Guys
  artifactKey: Guid(19697a620dbd7de43b95783d1fcc527a) Importer(815301076,1909f56bfc062723c751e8b465ee728b)
Start importing Assets/Art/Bad Guys using Guid(19697a620dbd7de43b95783d1fcc527a) Importer(815301076,1909f56bfc062723c751e8b465ee728b)  -> (artifact id: '99c1a2a25149479f9481ee7c3e0c1f1a') in 0.286711 seconds 
  Import took 0.291100 seconds .

========================================================================
Received Import Request.
  Time since last request: 0.000386 seconds.
  path: Assets/Art/Bad Guys/troll_regular_hair.bmp
  artifactKey: Guid(74e97360b0ee43d47a94abe26c6c7469) Importer(815301076,1909f56bfc062723c751e8b465ee728b)
Start importing Assets/Art/Bad Guys/troll_regular_hair.bmp using Guid(74e97360b0ee43d47a94abe26c6c7469) Importer(815301076,1909f56bfc062723c751e8b465ee728b)  -> (artifact id: '1988d31f0ad01e38fc12500191d22a0d') in 0.119793 seconds 
  Import took 0.126419 seconds .

========================================================================
Received Import Request.
  Time since last request: 0.000348 seconds.
  path: Assets/Art/Bad Guys/human_regular_bald.bmp
  artifactKey: Guid(b944d171dac434c4da254474c74b5452) Importer(815301076,1909f56bfc062723c751e8b465ee728b)
Start importing Assets/Art/Bad Guys/human_regular_bald.bmp using Guid(b944d171dac434c4da254474c74b5452) Importer(815301076,1909f56bfc062723c751e8b465ee728b)  -> (artifact id: 'b47501b6afaca761ceafcf2abdf36f49') in 0.100972 seconds 
  Import took 0.105090 seconds .

========================================================================
Received Import Request.
  Time since last request: 0.000344 seconds.
  path: Assets/Art/Bad Guys/pig.bmp
  artifactKey: Guid(e0aaf08e0cd67d145a4d02dec5b4c318) Importer(815301076,1909f56bfc062723c751e8b465ee728b)
Start importing Assets/Art/Bad Guys/pig.bmp using Guid(e0aaf08e0cd67d145a4d02dec5b4c318) Importer(815301076,1909f56bfc062723c751e8b465ee728b)  -> (artifact id: '5e104adddac5b428ce7a78f64bf3333c') in 0.064298 seconds 
  Import took 0.069222 seconds .

========================================================================
Received Import Request.
  Time since last request: 0.000265 seconds.
  path: Assets/Art/Bad Guys/elf_regular_hair.bmp
  artifactKey: Guid(307e69a82186b94459635df39a56f50d) Importer(815301076,1909f56bfc062723c751e8b465ee728b)
Start importing Assets/Art/Bad Guys/elf_regular_hair.bmp using Guid(307e69a82186b94459635df39a56f50d) Importer(815301076,1909f56bfc062723c751e8b465ee728b)  -> (artifact id: '31f7af0b58b2c6448d16737a9b91ef3f') in 0.081177 seconds 
  Import took 0.085288 seconds .

========================================================================
Received Import Request.
  Time since last request: 0.000310 seconds.
  path: Assets/Art/Bad Guys/skeleton_flame.bmp
  artifactKey: Guid(26aaef74ffbb2a446b27fc4ecf062081) Importer(815301076,1909f56bfc062723c751e8b465ee728b)
Start importing Assets/Art/Bad Guys/skeleton_flame.bmp using Guid(26aaef74ffbb2a446b27fc4ecf062081) Importer(815301076,1909f56bfc062723c751e8b465ee728b)  -> (artifact id: 'c23d90e497cedce1cf5195bb66f3a440') in 0.078790 seconds 
  Import took 0.082656 seconds .

========================================================================
Received Import Request.
  Time since last request: 0.000295 seconds.
  path: Assets/Art/Bad Guys/elf_regular_bald.bmp
  artifactKey: Guid(2ea02ef3aeff4684cbcba7fa9630bc30) Importer(815301076,1909f56bfc062723c751e8b465ee728b)
Start importing Assets/Art/Bad Guys/elf_regular_bald.bmp using Guid(2ea02ef3aeff4684cbcba7fa9630bc30) Importer(815301076,1909f56bfc062723c751e8b465ee728b)  -> (artifact id: '3c8a908e56d77048f383136ba456e438') in 0.078653 seconds 
  Import took 0.082583 seconds .

========================================================================
Received Import Request.
  Time since last request: 0.000295 seconds.
  path: Assets/Art/Bad Guys/orc_regular_hair.bmp
  artifactKey: Guid(76bc97adb242e1a408328b4b32ea1654) Importer(815301076,1909f56bfc062723c751e8b465ee728b)
Start importing Assets/Art/Bad Guys/orc_regular_hair.bmp using Guid(76bc97adb242e1a408328b4b32ea1654) Importer(815301076,1909f56bfc062723c751e8b465ee728b)  -> (artifact id: '5016fb98f673d4e81eff9ea8d6b2e72c') in 0.082906 seconds 
  Import took 0.087482 seconds .

========================================================================
Received Import Request.
  Time since last request: 0.000371 seconds.
  path: Assets/Art/Bad Guys/skeleton.bmp
  artifactKey: Guid(2ca7bb3cfe06349468467f7607549b1a) Importer(815301076,1909f56bfc062723c751e8b465ee728b)
Start importing Assets/Art/Bad Guys/skeleton.bmp using Guid(2ca7bb3cfe06349468467f7607549b1a) Importer(815301076,1909f56bfc062723c751e8b465ee728b)  -> (artifact id: 'ed7020701bc4ee3781fc15e81509495d') in 0.084238 seconds 
  Import took 0.088051 seconds .

========================================================================
Received Import Request.
  Time since last request: 0.000379 seconds.
  path: Assets/Art/Bad Guys/orc_regular_hair.bmp
  artifactKey: Guid(76bc97adb242e1a408328b4b32ea1654) Importer(815301076,1909f56bfc062723c751e8b465ee728b)
Start importing Assets/Art/Bad Guys/orc_regular_hair.bmp using Guid(76bc97adb242e1a408328b4b32ea1654) Importer(815301076,1909f56bfc062723c751e8b465ee728b)  -> (artifact id: '5016fb98f673d4e81eff9ea8d6b2e72c') in 0.056788 seconds 
  Import took 0.060399 seconds .

========================================================================
Received Import Request.
  Time since last request: 0.000380 seconds.
  path: Assets/Art/Bad Guys/orc_regular_bald.bmp
  artifactKey: Guid(9f00c25cb8cea8746be7233927733900) Importer(815301076,1909f56bfc062723c751e8b465ee728b)
Start importing Assets/Art/Bad Guys/orc_regular_bald.bmp using Guid(9f00c25cb8cea8746be7233927733900) Importer(815301076,1909f56bfc062723c751e8b465ee728b)  -> (artifact id: '14d8e3dc26cb642319e65a1e762ae498') in 0.080841 seconds 
  Import took 0.084519 seconds .

========================================================================
Received Import Request.
  Time since last request: 0.000362 seconds.
  path: Assets/Art/Bad Guys/troll_regular_bald.bmp
  artifactKey: Guid(d3b29376bf7070e4aa671c6d4ae2206b) Importer(815301076,1909f56bfc062723c751e8b465ee728b)
Start importing Assets/Art/Bad Guys/troll_regular_bald.bmp using Guid(d3b29376bf7070e4aa671c6d4ae2206b) Importer(815301076,1909f56bfc062723c751e8b465ee728b)  -> (artifact id: 'a506342bc4eb47b5ebdb2ca5b6019773') in 0.114137 seconds 
  Import took 0.117901 seconds .

========================================================================
Received Import Request.
  Time since last request: 0.000338 seconds.
  path: Assets/Art/Bad Guys/human_regular_hair.bmp
  artifactKey: Guid(8b5f8cb9fd96d6b4c8fd17d1ab7adc85) Importer(815301076,1909f56bfc062723c751e8b465ee728b)
Start importing Assets/Art/Bad Guys/human_regular_hair.bmp using Guid(8b5f8cb9fd96d6b4c8fd17d1ab7adc85) Importer(815301076,1909f56bfc062723c751e8b465ee728b)  -> (artifact id: 'd45cf7c3fd6ee8bdec399bad53dc7a7b') in 0.073148 seconds 
  Import took 0.077724 seconds .

========================================================================
Received Import Request.
  Time since last request: 0.000354 seconds.
  path: Assets/Art/Bad Guys/pig_hair.bmp
  artifactKey: Guid(8d7c5d513cd9aad4e8a2dc8e768c775a) Importer(815301076,1909f56bfc062723c751e8b465ee728b)
Start importing Assets/Art/Bad Guys/pig_hair.bmp using Guid(8d7c5d513cd9aad4e8a2dc8e768c775a) Importer(815301076,1909f56bfc062723c751e8b465ee728b)  -> (artifact id: 'd4da86d4f6b042eefcb0a50596769d91') in 0.082036 seconds 
  Import took 0.085739 seconds .

========================================================================
Received Import Request.
  Time since last request: 403.745499 seconds.
  path: ProjectSettings/TagManager.asset
  artifactKey: Guid(00000000000000003000000000000000) Importer(815301076,1909f56bfc062723c751e8b465ee728b)
Start importing ProjectSettings/TagManager.asset using Guid(00000000000000003000000000000000) Importer(815301076,1909f56bfc062723c751e8b465ee728b)  -> (artifact id: '4e35cc895c36e0a2edf2ad501c9505d6') in 0.010775 seconds 
  Import took 0.017056 seconds .

========================================================================
Received Import Request.
  Time since last request: 0.000940 seconds.
  path: ProjectSettings/TagManager.asset
  artifactKey: Guid(00000000000000003000000000000000) Importer(815301076,1909f56bfc062723c751e8b465ee728b)
Start importing ProjectSettings/TagManager.asset using Guid(00000000000000003000000000000000) Importer(815301076,1909f56bfc062723c751e8b465ee728b)  -> (artifact id: '4e35cc895c36e0a2edf2ad501c9505d6') in 0.003451 seconds 
  Import took 0.008876 seconds .

========================================================================
Received Import Request.
  Time since last request: 43.030029 seconds.
  path: Assets/Scripts/EnemyParty.cs
  artifactKey: Guid(ea24e8f6d5bcaf04cb7c20853234b876) Importer(815301076,1909f56bfc062723c751e8b465ee728b)
Start importing Assets/Scripts/EnemyParty.cs using Guid(ea24e8f6d5bcaf04cb7c20853234b876) Importer(815301076,1909f56bfc062723c751e8b465ee728b)  -> (artifact id: '84def1465e1402ca21e352d1eb06959c') in 0.007065 seconds 
  Import took 0.012515 seconds .

========================================================================
Received Import Request.
  Time since last request: 59.403361 seconds.
  path: Assets/Scripts/FightController.cs
  artifactKey: Guid(f2f86e90c56c5fb46aeab95b2a9f4259) Importer(815301076,1909f56bfc062723c751e8b465ee728b)
Start importing Assets/Scripts/FightController.cs using Guid(f2f86e90c56c5fb46aeab95b2a9f4259) Importer(815301076,1909f56bfc062723c751e8b465ee728b)  -> (artifact id: '0fa1c5eb8b2c112a88be94e6e0093dda') in 0.008600 seconds 
  Import took 0.012913 seconds .

========================================================================
Received Prepare
Registering precompiled user dll's ...
Registered in 0.002427 seconds.
Begin MonoManager ReloadAssembly
Native extension for WindowsStandalone target not found
Native extension for WebGL target not found
Refreshing native plugins compatible for Editor in 0.47 ms, found 3 plugins.
Preloading 0 native plugins for Editor in 0.00 ms.
Mono: successfully reloaded assembly
- Completed reload, in  1.144 seconds
Domain Reload Profiling:
	ReloadAssembly (1144ms)
		BeginReloadAssembly (138ms)
			ExecutionOrderSort (0ms)
			DisableScriptedObjects (10ms)
			BackupInstance (0ms)
			ReleaseScriptingObjects (0ms)
			CreateAndSetChildDomain (42ms)
		EndReloadAssembly (935ms)
			LoadAssemblies (103ms)
			RebuildTransferFunctionScriptingTraits (0ms)
			SetupTypeCache (337ms)
			ReleaseScriptCaches (1ms)
			RebuildScriptCaches (53ms)
			SetupLoadedEditorAssemblies (340ms)
				LogAssemblyErrors (0ms)
				InitializePlatformSupportModulesInManaged (7ms)
				SetLoadedEditorAssemblies (0ms)
				RefreshPlugins (1ms)
				BeforeProcessingInitializeOnLoad (61ms)
				ProcessInitializeOnLoadAttributes (261ms)
				ProcessInitializeOnLoadMethodAttributes (7ms)
				AfterProcessingInitializeOnLoad (3ms)
				EditorAssembliesLoaded (0ms)
			ExecutionOrderSort2 (0ms)
			AwakeInstancesAfterBackupRestoration (10ms)
Platform modules already initialized, skipping
Refreshing native plugins compatible for Editor in 0.78 ms, found 3 plugins.
Preloading 0 native plugins for Editor in 0.00 ms.
Unloading 2270 Unused Serialized files (Serialized files now loaded: 0)
System memory in use before: 103.1 MB.
System memory in use after: 103.3 MB.

Unloading 17 unused Assets to reduce memory usage. Loaded Objects now: 2826.
Total: 4.963500 ms (FindLiveObjects: 0.265700 ms CreateObjectMapping: 0.100900 ms MarkObjects: 4.540400 ms  DeleteObjects: 0.054800 ms)

AssetImportParameters requested are different than current active one (requested -> active):
  custom:framework-win-MediaFoundation: 216162199b28c13a410421893ffa2e32 -> 
  custom:video-decoder-ogg-theora: a1e56fd34408186e4bbccfd4996cb3dc -> 
  custom:container-muxer-webm: aa71ff27fc2769a1b78a27578f13a17b -> 
  custom:container-demuxer-webm: 4f35f7cbe854078d1ac9338744f61a02 -> 
  custom:container-demuxer-ogg: 62fdf1f143b41e24485cea50d1cbac27 -> 
  custom:video-encoder-webm-vp8: eb34c28f22e8b96e1ab97ce403110664 -> 
  custom:video-decoder-webm-vp8: 9c59270c3fd7afecdb556c50c9e8de78 -> 
  custom:audio-decoder-ogg-vorbis: bf7c407c2cedff20999df2af8eb42d56 -> 
  custom:audio-encoder-webm-vorbis: bf7c407c2cedff20999df2af8eb42d56 -> 
========================================================================
Received Prepare
Registering precompiled user dll's ...
Registered in 0.002628 seconds.
Begin MonoManager ReloadAssembly
Native extension for WindowsStandalone target not found
Native extension for WebGL target not found
Refreshing native plugins compatible for Editor in 0.60 ms, found 3 plugins.
Preloading 0 native plugins for Editor in 0.00 ms.
Mono: successfully reloaded assembly
- Completed reload, in  1.126 seconds
Domain Reload Profiling:
	ReloadAssembly (1127ms)
		BeginReloadAssembly (120ms)
			ExecutionOrderSort (0ms)
			DisableScriptedObjects (10ms)
			BackupInstance (0ms)
			ReleaseScriptingObjects (0ms)
			CreateAndSetChildDomain (38ms)
		EndReloadAssembly (933ms)
			LoadAssemblies (97ms)
			RebuildTransferFunctionScriptingTraits (0ms)
			SetupTypeCache (341ms)
			ReleaseScriptCaches (1ms)
			RebuildScriptCaches (50ms)
			SetupLoadedEditorAssemblies (342ms)
				LogAssemblyErrors (0ms)
				InitializePlatformSupportModulesInManaged (5ms)
				SetLoadedEditorAssemblies (1ms)
				RefreshPlugins (1ms)
				BeforeProcessingInitializeOnLoad (64ms)
				ProcessInitializeOnLoadAttributes (261ms)
				ProcessInitializeOnLoadMethodAttributes (6ms)
				AfterProcessingInitializeOnLoad (4ms)
				EditorAssembliesLoaded (0ms)
			ExecutionOrderSort2 (0ms)
			AwakeInstancesAfterBackupRestoration (9ms)
Platform modules already initialized, skipping
Refreshing native plugins compatible for Editor in 0.51 ms, found 3 plugins.
Preloading 0 native plugins for Editor in 0.00 ms.
Unloading 2270 Unused Serialized files (Serialized files now loaded: 0)
System memory in use before: 103.2 MB.
System memory in use after: 103.4 MB.

Unloading 15 unused Assets to reduce memory usage. Loaded Objects now: 2828.
Total: 3.785000 ms (FindLiveObjects: 0.241200 ms CreateObjectMapping: 0.094100 ms MarkObjects: 3.430800 ms  DeleteObjects: 0.018000 ms)

AssetImportParameters requested are different than current active one (requested -> active):
  custom:framework-win-MediaFoundation: 216162199b28c13a410421893ffa2e32 -> 
  custom:video-decoder-ogg-theora: a1e56fd34408186e4bbccfd4996cb3dc -> 
  custom:container-muxer-webm: aa71ff27fc2769a1b78a27578f13a17b -> 
  custom:container-demuxer-webm: 4f35f7cbe854078d1ac9338744f61a02 -> 
  custom:container-demuxer-ogg: 62fdf1f143b41e24485cea50d1cbac27 -> 
  custom:video-encoder-webm-vp8: eb34c28f22e8b96e1ab97ce403110664 -> 
  custom:video-decoder-webm-vp8: 9c59270c3fd7afecdb556c50c9e8de78 -> 
  custom:audio-decoder-ogg-vorbis: bf7c407c2cedff20999df2af8eb42d56 -> 
  custom:audio-encoder-webm-vorbis: bf7c407c2cedff20999df2af8eb42d56 -> 
========================================================================
Received Import Request.
  Time since last request: 215.390227 seconds.
  path: Assets/Scenes/Battle.unity
  artifactKey: Guid(2f16a2039fb4c454684314317cb57c8a) Importer(815301076,1909f56bfc062723c751e8b465ee728b)
Start importing Assets/Scenes/Battle.unity using Guid(2f16a2039fb4c454684314317cb57c8a) Importer(815301076,1909f56bfc062723c751e8b465ee728b)  -> (artifact id: 'aface40c52aa4d18c577217d58f812eb') in 0.017019 seconds 
  Import took 0.021456 seconds .

========================================================================
Received Import Request.
  Time since last request: 23.422429 seconds.
  path: Assets/Scenes/Flatlands.unity
  artifactKey: Guid(3ae6118829e472548abd67c885033b5a) Importer(815301076,1909f56bfc062723c751e8b465ee728b)
Start importing Assets/Scenes/Flatlands.unity using Guid(3ae6118829e472548abd67c885033b5a) Importer(815301076,1909f56bfc062723c751e8b465ee728b)  -> (artifact id: '9d30f77957fd23763c0bf8116b22d6d0') in 0.003827 seconds 
  Import took 0.008698 seconds .

========================================================================
Received Import Request.
  Time since last request: 0.000820 seconds.
  path: Assets/Scenes/Flatlands.unity
  artifactKey: Guid(3ae6118829e472548abd67c885033b5a) Importer(815301076,1909f56bfc062723c751e8b465ee728b)
Start importing Assets/Scenes/Flatlands.unity using Guid(3ae6118829e472548abd67c885033b5a) Importer(815301076,1909f56bfc062723c751e8b465ee728b)  -> (artifact id: '9d30f77957fd23763c0bf8116b22d6d0') in 0.002649 seconds 
  Import took 0.006938 seconds .

========================================================================
Received Import Request.
  Time since last request: 80.579625 seconds.
  path: Assets/Art/Good Guys/Merchant_idle.png
  artifactKey: Guid(98c132b83e915be46930f9c2118c8d68) Importer(815301076,1909f56bfc062723c751e8b465ee728b)
Start importing Assets/Art/Good Guys/Merchant_idle.png using Guid(98c132b83e915be46930f9c2118c8d68) Importer(815301076,1909f56bfc062723c751e8b465ee728b)  -> (artifact id: 'c1df9b834cf8195ba69d45067ecd6ab1') in 0.377736 seconds 
  Import took 0.382044 seconds .

========================================================================
Received Import Request.
  Time since last request: 0.003375 seconds.
  path: Assets/Art/Good Guys/Merchant_idle.png
  artifactKey: Guid(98c132b83e915be46930f9c2118c8d68) Importer(815301076,1909f56bfc062723c751e8b465ee728b)
Start importing Assets/Art/Good Guys/Merchant_idle.png using Guid(98c132b83e915be46930f9c2118c8d68) Importer(815301076,1909f56bfc062723c751e8b465ee728b)  -> (artifact id: 'c1df9b834cf8195ba69d45067ecd6ab1') in 0.056016 seconds 
  Import took 0.060790 seconds .

========================================================================
Received Prepare
Registering precompiled user dll's ...
Registered in 0.002682 seconds.
Begin MonoManager ReloadAssembly
Native extension for WindowsStandalone target not found
Native extension for WebGL target not found
Refreshing native plugins compatible for Editor in 0.67 ms, found 3 plugins.
Preloading 0 native plugins for Editor in 0.00 ms.
Mono: successfully reloaded assembly
- Completed reload, in  1.246 seconds
Domain Reload Profiling:
	ReloadAssembly (1247ms)
		BeginReloadAssembly (135ms)
			ExecutionOrderSort (0ms)
			DisableScriptedObjects (8ms)
			BackupInstance (0ms)
			ReleaseScriptingObjects (0ms)
			CreateAndSetChildDomain (43ms)
		EndReloadAssembly (1044ms)
			LoadAssemblies (105ms)
			RebuildTransferFunctionScriptingTraits (0ms)
			SetupTypeCache (359ms)
			ReleaseScriptCaches (2ms)
			RebuildScriptCaches (70ms)
			SetupLoadedEditorAssemblies (365ms)
				LogAssemblyErrors (0ms)
				InitializePlatformSupportModulesInManaged (6ms)
				SetLoadedEditorAssemblies (0ms)
				RefreshPlugins (1ms)
				BeforeProcessingInitializeOnLoad (74ms)
				ProcessInitializeOnLoadAttributes (275ms)
				ProcessInitializeOnLoadMethodAttributes (6ms)
				AfterProcessingInitializeOnLoad (3ms)
				EditorAssembliesLoaded (0ms)
			ExecutionOrderSort2 (0ms)
			AwakeInstancesAfterBackupRestoration (11ms)
Platform modules already initialized, skipping
Refreshing native plugins compatible for Editor in 0.58 ms, found 3 plugins.
Preloading 0 native plugins for Editor in 0.00 ms.
Unloading 2270 Unused Serialized files (Serialized files now loaded: 0)
System memory in use before: 103.2 MB.
System memory in use after: 103.4 MB.

Unloading 15 unused Assets to reduce memory usage. Loaded Objects now: 2831.
Total: 3.760900 ms (FindLiveObjects: 0.268000 ms CreateObjectMapping: 0.102400 ms MarkObjects: 3.367800 ms  DeleteObjects: 0.021600 ms)

AssetImportParameters requested are different than current active one (requested -> active):
  custom:framework-win-MediaFoundation: 216162199b28c13a410421893ffa2e32 -> 
  custom:video-decoder-ogg-theora: a1e56fd34408186e4bbccfd4996cb3dc -> 
  custom:container-muxer-webm: aa71ff27fc2769a1b78a27578f13a17b -> 
  custom:container-demuxer-webm: 4f35f7cbe854078d1ac9338744f61a02 -> 
  custom:container-demuxer-ogg: 62fdf1f143b41e24485cea50d1cbac27 -> 
  custom:video-encoder-webm-vp8: eb34c28f22e8b96e1ab97ce403110664 -> 
  custom:video-decoder-webm-vp8: 9c59270c3fd7afecdb556c50c9e8de78 -> 
  custom:audio-decoder-ogg-vorbis: bf7c407c2cedff20999df2af8eb42d56 -> 
  custom:audio-encoder-webm-vorbis: bf7c407c2cedff20999df2af8eb42d56 -> 
========================================================================
Received Import Request.
  Time since last request: 40.590923 seconds.
  path: Assets/Scripts/Conversation.cs
  artifactKey: Guid(1390c2176c4e1bc4a8f0810cd67610bf) Importer(815301076,1909f56bfc062723c751e8b465ee728b)
Start importing Assets/Scripts/Conversation.cs using Guid(1390c2176c4e1bc4a8f0810cd67610bf) Importer(815301076,1909f56bfc062723c751e8b465ee728b)  -> (artifact id: '639f4e661aa65ed7207802b134867e5e') in 0.010852 seconds 
  Import took 0.015536 seconds .

========================================================================
Received Prepare
Registering precompiled user dll's ...
Registered in 0.003413 seconds.
Begin MonoManager ReloadAssembly
Native extension for WindowsStandalone target not found
Native extension for WebGL target not found
Refreshing native plugins compatible for Editor in 0.50 ms, found 3 plugins.
Preloading 0 native plugins for Editor in 0.00 ms.
Mono: successfully reloaded assembly
- Completed reload, in  1.302 seconds
Domain Reload Profiling:
	ReloadAssembly (1303ms)
		BeginReloadAssembly (142ms)
			ExecutionOrderSort (0ms)
			DisableScriptedObjects (9ms)
			BackupInstance (0ms)
			ReleaseScriptingObjects (0ms)
			CreateAndSetChildDomain (45ms)
		EndReloadAssembly (1093ms)
			LoadAssemblies (105ms)
			RebuildTransferFunctionScriptingTraits (0ms)
			SetupTypeCache (351ms)
			ReleaseScriptCaches (2ms)
			RebuildScriptCaches (76ms)
			SetupLoadedEditorAssemblies (414ms)
				LogAssemblyErrors (0ms)
				InitializePlatformSupportModulesInManaged (8ms)
				SetLoadedEditorAssemblies (1ms)
				RefreshPlugins (1ms)
				BeforeProcessingInitializeOnLoad (70ms)
				ProcessInitializeOnLoadAttributes (325ms)
				ProcessInitializeOnLoadMethodAttributes (7ms)
				AfterProcessingInitializeOnLoad (3ms)
				EditorAssembliesLoaded (0ms)
			ExecutionOrderSort2 (0ms)
			AwakeInstancesAfterBackupRestoration (13ms)
Platform modules already initialized, skipping
Refreshing native plugins compatible for Editor in 0.51 ms, found 3 plugins.
Preloading 0 native plugins for Editor in 0.00 ms.
Unloading 2270 Unused Serialized files (Serialized files now loaded: 0)
System memory in use before: 103.2 MB.
System memory in use after: 103.4 MB.

Unloading 15 unused Assets to reduce memory usage. Loaded Objects now: 2833.
Total: 3.738200 ms (FindLiveObjects: 0.243200 ms CreateObjectMapping: 0.103000 ms MarkObjects: 3.342500 ms  DeleteObjects: 0.048400 ms)

AssetImportParameters requested are different than current active one (requested -> active):
  custom:framework-win-MediaFoundation: 216162199b28c13a410421893ffa2e32 -> 
  custom:video-decoder-ogg-theora: a1e56fd34408186e4bbccfd4996cb3dc -> 
  custom:container-muxer-webm: aa71ff27fc2769a1b78a27578f13a17b -> 
  custom:container-demuxer-webm: 4f35f7cbe854078d1ac9338744f61a02 -> 
  custom:container-demuxer-ogg: 62fdf1f143b41e24485cea50d1cbac27 -> 
  custom:video-encoder-webm-vp8: eb34c28f22e8b96e1ab97ce403110664 -> 
  custom:video-decoder-webm-vp8: 9c59270c3fd7afecdb556c50c9e8de78 -> 
  custom:audio-decoder-ogg-vorbis: bf7c407c2cedff20999df2af8eb42d56 -> 
  custom:audio-encoder-webm-vorbis: bf7c407c2cedff20999df2af8eb42d56 -> 
========================================================================
Received Import Request.
  Time since last request: 74.677320 seconds.
  path: Assets/Scripts/Conversation.cs
  artifactKey: Guid(1390c2176c4e1bc4a8f0810cd67610bf) Importer(815301076,1909f56bfc062723c751e8b465ee728b)
Start importing Assets/Scripts/Conversation.cs using Guid(1390c2176c4e1bc4a8f0810cd67610bf) Importer(815301076,1909f56bfc062723c751e8b465ee728b)  -> (artifact id: '09f5eb7b4eaae5009cff6e7c5a357ea4') in 0.004993 seconds 
  Import took 0.008904 seconds .

========================================================================
Received Prepare
Registering precompiled user dll's ...
Registered in 0.002811 seconds.
Begin MonoManager ReloadAssembly
Native extension for WindowsStandalone target not found
Native extension for WebGL target not found
Refreshing native plugins compatible for Editor in 0.50 ms, found 3 plugins.
Preloading 0 native plugins for Editor in 0.00 ms.
Mono: successfully reloaded assembly
- Completed reload, in  1.107 seconds
Domain Reload Profiling:
	ReloadAssembly (1107ms)
		BeginReloadAssembly (116ms)
			ExecutionOrderSort (0ms)
			DisableScriptedObjects (8ms)
			BackupInstance (0ms)
			ReleaseScriptingObjects (0ms)
			CreateAndSetChildDomain (36ms)
		EndReloadAssembly (930ms)
			LoadAssemblies (93ms)
			RebuildTransferFunctionScriptingTraits (0ms)
			SetupTypeCache (313ms)
			ReleaseScriptCaches (1ms)
			RebuildScriptCaches (55ms)
			SetupLoadedEditorAssemblies (340ms)
				LogAssemblyErrors (0ms)
				InitializePlatformSupportModulesInManaged (8ms)
				SetLoadedEditorAssemblies (0ms)
				RefreshPlugins (1ms)
				BeforeProcessingInitializeOnLoad (60ms)
				ProcessInitializeOnLoadAttributes (262ms)
				ProcessInitializeOnLoadMethodAttributes (8ms)
				AfterProcessingInitializeOnLoad (2ms)
				EditorAssembliesLoaded (0ms)
			ExecutionOrderSort2 (0ms)
			AwakeInstancesAfterBackupRestoration (11ms)
Platform modules already initialized, skipping
Refreshing native plugins compatible for Editor in 0.50 ms, found 3 plugins.
Preloading 0 native plugins for Editor in 0.00 ms.
Unloading 2270 Unused Serialized files (Serialized files now loaded: 0)
System memory in use before: 103.2 MB.
System memory in use after: 103.4 MB.

Unloading 15 unused Assets to reduce memory usage. Loaded Objects now: 2835.
Total: 3.537400 ms (FindLiveObjects: 0.238200 ms CreateObjectMapping: 0.115100 ms MarkObjects: 3.163000 ms  DeleteObjects: 0.019200 ms)

AssetImportParameters requested are different than current active one (requested -> active):
  custom:framework-win-MediaFoundation: 216162199b28c13a410421893ffa2e32 -> 
  custom:video-decoder-ogg-theora: a1e56fd34408186e4bbccfd4996cb3dc -> 
  custom:container-muxer-webm: aa71ff27fc2769a1b78a27578f13a17b -> 
  custom:container-demuxer-webm: 4f35f7cbe854078d1ac9338744f61a02 -> 
  custom:container-demuxer-ogg: 62fdf1f143b41e24485cea50d1cbac27 -> 
  custom:video-encoder-webm-vp8: eb34c28f22e8b96e1ab97ce403110664 -> 
  custom:video-decoder-webm-vp8: 9c59270c3fd7afecdb556c50c9e8de78 -> 
  custom:audio-decoder-ogg-vorbis: bf7c407c2cedff20999df2af8eb42d56 -> 
  custom:audio-encoder-webm-vorbis: bf7c407c2cedff20999df2af8eb42d56 -> 
AssetImportWorkerClient::OnTransportError - code=2 error=End of file
